

Started GET "/static_pages/home" for 127.0.0.1 at 2012-04-06 23:40:05 -0700
  Processing by StaticPagesController#home as HTML
Rendered static_pages/home.html.erb within layouts/application (19.1ms)
Compiled application.css  (1ms)  (pid 913)
Compiled custom.css  (1684ms)  (pid 913)
Completed 200 OK in 1766ms (Views: 1765.4ms | ActiveRecord: 0.0ms)


Started GET "/static_pages/home" for 127.0.0.1 at 2012-04-06 23:40:08 -0700
  Processing by StaticPagesController#home as HTML
Rendered static_pages/home.html.erb within layouts/application (0.1ms)
Completed 200 OK in 14ms (Views: 14.1ms | ActiveRecord: 0.0ms)


Started GET "/assets/application.css?body=1" for 127.0.0.1 at 2012-04-06 23:40:08 -0700
Served asset /application.css - 200 OK (2ms)


Started GET "/assets/custom.css?body=1" for 127.0.0.1 at 2012-04-06 23:40:08 -0700
Served asset /custom.css - 200 OK (11ms)


Started GET "/assets/scaffolds.css?body=1" for 127.0.0.1 at 2012-04-06 23:40:08 -0700
Served asset /scaffolds.css - 200 OK (2ms)


Started GET "/assets/jquery_ujs.js?body=1" for 127.0.0.1 at 2012-04-06 23:40:08 -0700
Served asset /jquery_ujs.js - 200 OK (4ms)


Started GET "/assets/wishes.css?body=1" for 127.0.0.1 at 2012-04-06 23:40:08 -0700
Served asset /wishes.css - 200 OK (2ms)


Started GET "/assets/static_pages.css?body=1" for 127.0.0.1 at 2012-04-06 23:40:08 -0700
Served asset /static_pages.css - 200 OK (2ms)


Started GET "/assets/jquery.js?body=1" for 127.0.0.1 at 2012-04-06 23:40:08 -0700
Served asset /jquery.js - 200 OK (23ms)


Started GET "/assets/static_pages.js?body=1" for 127.0.0.1 at 2012-04-06 23:40:08 -0700
Served asset /static_pages.js - 200 OK (1ms)


Started GET "/assets/wishes.js?body=1" for 127.0.0.1 at 2012-04-06 23:40:08 -0700
Served asset /wishes.js - 200 OK (2ms)


Started GET "/assets/application.js?body=1" for 127.0.0.1 at 2012-04-06 23:40:08 -0700
Served asset /application.js - 200 OK (0ms)


Started GET "/static_pages/home" for 127.0.0.1 at 2012-04-06 23:40:58 -0700
  Processing by StaticPagesController#home as HTML
Rendered static_pages/home.html.erb within layouts/application (0.1ms)
Completed 200 OK in 15ms (Views: 14.2ms | ActiveRecord: 0.0ms)


Started GET "/assets/application.css?body=1" for 127.0.0.1 at 2012-04-06 23:40:58 -0700
Served asset /application.css - 304 Not Modified (3ms)


Started GET "/assets/custom.css?body=1" for 127.0.0.1 at 2012-04-06 23:40:58 -0700
Served asset /custom.css - 304 Not Modified (1ms)


Started GET "/assets/static_pages.css?body=1" for 127.0.0.1 at 2012-04-06 23:40:58 -0700
Served asset /static_pages.css - 304 Not Modified (0ms)


Started GET "/assets/scaffolds.css?body=1" for 127.0.0.1 at 2012-04-06 23:40:58 -0700
Served asset /scaffolds.css - 304 Not Modified (0ms)


Started GET "/assets/wishes.css?body=1" for 127.0.0.1 at 2012-04-06 23:40:58 -0700
Served asset /wishes.css - 304 Not Modified (0ms)


Started GET "/assets/jquery.js?body=1" for 127.0.0.1 at 2012-04-06 23:40:58 -0700
Served asset /jquery.js - 304 Not Modified (0ms)


Started GET "/assets/jquery_ujs.js?body=1" for 127.0.0.1 at 2012-04-06 23:40:58 -0700
Served asset /jquery_ujs.js - 304 Not Modified (0ms)


Started GET "/assets/static_pages.js?body=1" for 127.0.0.1 at 2012-04-06 23:40:58 -0700
Served asset /static_pages.js - 304 Not Modified (0ms)


Started GET "/assets/wishes.js?body=1" for 127.0.0.1 at 2012-04-06 23:40:58 -0700
Served asset /wishes.js - 304 Not Modified (0ms)


Started GET "/assets/application.js?body=1" for 127.0.0.1 at 2012-04-06 23:40:58 -0700
Served asset /application.js - 304 Not Modified (0ms)


Started GET "/static_pages/home" for 127.0.0.1 at 2012-04-06 23:41:58 -0700
  Processing by StaticPagesController#home as HTML
Rendered static_pages/home.html.erb within layouts/application (0.1ms)
Completed 200 OK in 17ms (Views: 17.1ms | ActiveRecord: 0.0ms)


Started GET "/assets/application.css?body=1" for 127.0.0.1 at 2012-04-06 23:41:58 -0700
Served asset /application.css - 304 Not Modified (2ms)


Started GET "/assets/custom.css?body=1" for 127.0.0.1 at 2012-04-06 23:41:58 -0700
Served asset /custom.css - 304 Not Modified (1ms)


Started GET "/assets/static_pages.css?body=1" for 127.0.0.1 at 2012-04-06 23:41:58 -0700
Served asset /static_pages.css - 304 Not Modified (0ms)


Started GET "/assets/scaffolds.css?body=1" for 127.0.0.1 at 2012-04-06 23:41:58 -0700
Served asset /scaffolds.css - 304 Not Modified (0ms)


Started GET "/assets/wishes.css?body=1" for 127.0.0.1 at 2012-04-06 23:41:58 -0700
Served asset /wishes.css - 304 Not Modified (1ms)


Started GET "/assets/jquery.js?body=1" for 127.0.0.1 at 2012-04-06 23:41:58 -0700
Served asset /jquery.js - 304 Not Modified (0ms)


Started GET "/assets/jquery_ujs.js?body=1" for 127.0.0.1 at 2012-04-06 23:41:58 -0700
Served asset /jquery_ujs.js - 304 Not Modified (0ms)


Started GET "/assets/wishes.js?body=1" for 127.0.0.1 at 2012-04-06 23:41:58 -0700
Served asset /wishes.js - 304 Not Modified (0ms)


Started GET "/assets/static_pages.js?body=1" for 127.0.0.1 at 2012-04-06 23:41:58 -0700
Served asset /static_pages.js - 304 Not Modified (0ms)


Started GET "/assets/application.js?body=1" for 127.0.0.1 at 2012-04-06 23:41:58 -0700
Served asset /application.js - 304 Not Modified (0ms)


Started GET "/static_pages/home" for 127.0.0.1 at 2012-04-06 23:44:53 -0700
  Processing by StaticPagesController#home as HTML
Rendered static_pages/home.html.erb within layouts/application (0.1ms)
Completed 500 Internal Server Error in 96ms

ActionView::Template::Error (undefined method `user_signed_in?' for #<#<Class:0x007f94948c6e70>:0x007f94948cf160>):
    15: 				<li><a href="#">Home</a></li>
    16: 				<li><a href="#">About</a></li>
    17: 				<li>
    18: 					<% if user_signed_in? %>
    19: 						<% current_member %>
    20: 					<% else %>
    21: 						You are not signed in.
  app/views/layouts/application.html.erb:18:in `_app_views_layouts_application_html_erb___1053405968671382606_70138062044320'

Rendered /Users/alexischuck/.rvm/gems/ruby-1.9.3-p125@rails3tutorial2ndEd/gems/actionpack-3.1.3/lib/action_dispatch/middleware/templates/rescues/_trace.erb (1.0ms)
Rendered /Users/alexischuck/.rvm/gems/ruby-1.9.3-p125@rails3tutorial2ndEd/gems/actionpack-3.1.3/lib/action_dispatch/middleware/templates/rescues/_request_and_response.erb (0.8ms)
Rendered /Users/alexischuck/.rvm/gems/ruby-1.9.3-p125@rails3tutorial2ndEd/gems/actionpack-3.1.3/lib/action_dispatch/middleware/templates/rescues/template_error.erb within rescues/layout (3.6ms)


Started GET "/static_pages/home" for 127.0.0.1 at 2012-04-06 23:46:56 -0700
  Processing by StaticPagesController#home as HTML
Rendered static_pages/home.html.erb within layouts/application (0.1ms)
Completed 500 Internal Server Error in 94ms

ActionView::Template::Error (undefined method `user_signed_in?' for #<#<Class:0x007f9494c12908>:0x007f9494c1c2a0>):
    15: 				<li><a href="#">Home</a></li>
    16: 				<li><a href="#">About</a></li>
    17: 				<li>
    18: 					<% if user_signed_in? %>
    19: 						<% current_member %>
    20: 					<% else %>
    21: 						You are not signed in.
  app/views/layouts/application.html.erb:18:in `_app_views_layouts_application_html_erb___1053405968671382606_70138062044320'

Rendered /Users/alexischuck/.rvm/gems/ruby-1.9.3-p125@rails3tutorial2ndEd/gems/actionpack-3.1.3/lib/action_dispatch/middleware/templates/rescues/_trace.erb (1.7ms)
Rendered /Users/alexischuck/.rvm/gems/ruby-1.9.3-p125@rails3tutorial2ndEd/gems/actionpack-3.1.3/lib/action_dispatch/middleware/templates/rescues/_request_and_response.erb (1.2ms)
Rendered /Users/alexischuck/.rvm/gems/ruby-1.9.3-p125@rails3tutorial2ndEd/gems/actionpack-3.1.3/lib/action_dispatch/middleware/templates/rescues/template_error.erb within rescues/layout (5.9ms)


Started GET "/devise/" for 127.0.0.1 at 2012-04-06 23:47:57 -0700

ActionController::RoutingError (No route matches [GET] "/devise"):
  

Rendered /Users/alexischuck/.rvm/gems/ruby-1.9.3-p125@rails3tutorial2ndEd/gems/actionpack-3.1.3/lib/action_dispatch/middleware/templates/rescues/routing_error.erb within rescues/layout (0.5ms)


Started GET "/users" for 127.0.0.1 at 2012-04-06 23:56:33 -0700

ActionController::RoutingError (No route matches [GET] "/users"):
  

Rendered /Users/alexischuck/.rvm/gems/ruby-1.9.3-p125@rails3tutorial2ndEd/gems/actionpack-3.1.3/lib/action_dispatch/middleware/templates/rescues/routing_error.erb within rescues/layout (0.6ms)


Started GET "/users/1" for 127.0.0.1 at 2012-04-06 23:56:37 -0700

ActionController::RoutingError (No route matches [GET] "/users/1"):
  

Rendered /Users/alexischuck/.rvm/gems/ruby-1.9.3-p125@rails3tutorial2ndEd/gems/actionpack-3.1.3/lib/action_dispatch/middleware/templates/rescues/routing_error.erb within rescues/layout (0.6ms)


Started GET "/users" for 127.0.0.1 at 2012-04-06 23:56:40 -0700

ActionController::RoutingError (No route matches [GET] "/users"):
  

Rendered /Users/alexischuck/.rvm/gems/ruby-1.9.3-p125@rails3tutorial2ndEd/gems/actionpack-3.1.3/lib/action_dispatch/middleware/templates/rescues/routing_error.erb within rescues/layout (0.6ms)


Started GET "/static_pages/home" for 127.0.0.1 at 2012-04-06 23:59:48 -0700
  Processing by StaticPagesController#home as HTML
Rendered static_pages/home.html.erb within layouts/application (0.1ms)
Completed 500 Internal Server Error in 95ms

ActionView::Template::Error (undefined method `user_signed_in?' for #<#<Class:0x007f9494cc86b8>:0x007f9494cc4c98>):
    15: 				<li><a href="#">Home</a></li>
    16: 				<li><a href="#">About</a></li>
    17: 				<li>
    18: 					<% if user_signed_in? %>
    19: 						<% current_user %>
    20: 					<% else %>
    21: 						You are not signed in.
  app/views/layouts/application.html.erb:18:in `_app_views_layouts_application_html_erb___1053405968671382606_70138064143940'

Rendered /Users/alexischuck/.rvm/gems/ruby-1.9.3-p125@rails3tutorial2ndEd/gems/actionpack-3.1.3/lib/action_dispatch/middleware/templates/rescues/_trace.erb (1.2ms)
Rendered /Users/alexischuck/.rvm/gems/ruby-1.9.3-p125@rails3tutorial2ndEd/gems/actionpack-3.1.3/lib/action_dispatch/middleware/templates/rescues/_request_and_response.erb (0.8ms)
Rendered /Users/alexischuck/.rvm/gems/ruby-1.9.3-p125@rails3tutorial2ndEd/gems/actionpack-3.1.3/lib/action_dispatch/middleware/templates/rescues/template_error.erb within rescues/layout (4.1ms)


Started GET "/static_pages/home" for 127.0.0.1 at 2012-04-07 00:02:32 -0700
  Processing by StaticPagesController#home as HTML
Rendered static_pages/home.html.erb within layouts/application (0.1ms)
Completed 200 OK in 14ms (Views: 14.2ms | ActiveRecord: 0.0ms)


Started GET "/assets/application.css?body=1" for 127.0.0.1 at 2012-04-07 00:02:32 -0700
Served asset /application.css - 304 Not Modified (2ms)


Started GET "/assets/custom.css?body=1" for 127.0.0.1 at 2012-04-07 00:02:32 -0700
Served asset /custom.css - 304 Not Modified (1ms)


Started GET "/assets/scaffolds.css?body=1" for 127.0.0.1 at 2012-04-07 00:02:32 -0700
Served asset /scaffolds.css - 304 Not Modified (0ms)


Started GET "/assets/static_pages.css?body=1" for 127.0.0.1 at 2012-04-07 00:02:32 -0700
Served asset /static_pages.css - 304 Not Modified (0ms)


Started GET "/assets/wishes.css?body=1" for 127.0.0.1 at 2012-04-07 00:02:32 -0700
Served asset /wishes.css - 304 Not Modified (0ms)


Started GET "/assets/jquery_ujs.js?body=1" for 127.0.0.1 at 2012-04-07 00:02:32 -0700
Served asset /jquery_ujs.js - 304 Not Modified (0ms)


Started GET "/assets/jquery.js?body=1" for 127.0.0.1 at 2012-04-07 00:02:32 -0700
Served asset /jquery.js - 304 Not Modified (0ms)


Started GET "/assets/static_pages.js?body=1" for 127.0.0.1 at 2012-04-07 00:02:32 -0700
Served asset /static_pages.js - 304 Not Modified (0ms)


Started GET "/assets/wishes.js?body=1" for 127.0.0.1 at 2012-04-07 00:02:32 -0700
Served asset /wishes.js - 304 Not Modified (0ms)


Started GET "/assets/application.js?body=1" for 127.0.0.1 at 2012-04-07 00:02:32 -0700
Served asset /application.js - 304 Not Modified (0ms)


Started GET "/assets/static_pages.js?body=1" for 127.0.0.1 at 2012-04-07 00:02:32 -0700
Served asset /static_pages.js - 304 Not Modified (0ms)


Started GET "/assets/wishes.js?body=1" for 127.0.0.1 at 2012-04-07 00:02:32 -0700
Served asset /wishes.js - 304 Not Modified (0ms)


Started GET "/assets/application.js?body=1" for 127.0.0.1 at 2012-04-07 00:02:32 -0700
Served asset /application.js - 304 Not Modified (0ms)


Started GET "/static_pages/home" for 127.0.0.1 at 2012-04-07 00:03:00 -0700
  Processing by StaticPagesController#home as HTML
Rendered static_pages/home.html.erb within layouts/application (0.1ms)
Completed 200 OK in 14ms (Views: 13.9ms | ActiveRecord: 0.0ms)


Started GET "/assets/application.css?body=1" for 127.0.0.1 at 2012-04-07 00:03:00 -0700
Served asset /application.css - 304 Not Modified (3ms)


Started GET "/assets/custom.css?body=1" for 127.0.0.1 at 2012-04-07 00:03:00 -0700
Served asset /custom.css - 304 Not Modified (1ms)


Started GET "/assets/scaffolds.css?body=1" for 127.0.0.1 at 2012-04-07 00:03:00 -0700
Served asset /scaffolds.css - 304 Not Modified (0ms)


Started GET "/assets/static_pages.css?body=1" for 127.0.0.1 at 2012-04-07 00:03:00 -0700
Served asset /static_pages.css - 304 Not Modified (0ms)


Started GET "/assets/wishes.css?body=1" for 127.0.0.1 at 2012-04-07 00:03:00 -0700
Served asset /wishes.css - 304 Not Modified (23ms)


Started GET "/assets/jquery.js?body=1" for 127.0.0.1 at 2012-04-07 00:03:00 -0700
Served asset /jquery.js - 304 Not Modified (0ms)


Started GET "/assets/static_pages.js?body=1" for 127.0.0.1 at 2012-04-07 00:03:00 -0700
Served asset /static_pages.js - 304 Not Modified (0ms)


Started GET "/assets/jquery_ujs.js?body=1" for 127.0.0.1 at 2012-04-07 00:03:00 -0700
Served asset /jquery_ujs.js - 304 Not Modified (0ms)


Started GET "/assets/wishes.js?body=1" for 127.0.0.1 at 2012-04-07 00:03:00 -0700
Served asset /wishes.js - 304 Not Modified (0ms)


Started GET "/assets/application.js?body=1" for 127.0.0.1 at 2012-04-07 00:03:00 -0700
Served asset /application.js - 304 Not Modified (0ms)


Started GET "/static_pages/home" for 127.0.0.1 at 2012-04-07 00:03:15 -0700
  Processing by StaticPagesController#home as HTML
Rendered static_pages/home.html.erb within layouts/application (0.1ms)
Completed 200 OK in 15ms (Views: 14.6ms | ActiveRecord: 0.0ms)


Started GET "/assets/application.css?body=1" for 127.0.0.1 at 2012-04-07 00:03:15 -0700
Served asset /application.css - 304 Not Modified (2ms)


Started GET "/assets/custom.css?body=1" for 127.0.0.1 at 2012-04-07 00:03:15 -0700
Served asset /custom.css - 304 Not Modified (1ms)


Started GET "/assets/scaffolds.css?body=1" for 127.0.0.1 at 2012-04-07 00:03:15 -0700
Served asset /scaffolds.css - 304 Not Modified (1ms)


Started GET "/assets/wishes.css?body=1" for 127.0.0.1 at 2012-04-07 00:03:15 -0700
Served asset /wishes.css - 304 Not Modified (0ms)


Started GET "/assets/static_pages.css?body=1" for 127.0.0.1 at 2012-04-07 00:03:15 -0700
Served asset /static_pages.css - 304 Not Modified (0ms)


Started GET "/assets/jquery_ujs.js?body=1" for 127.0.0.1 at 2012-04-07 00:03:15 -0700
Served asset /jquery_ujs.js - 304 Not Modified (0ms)


Started GET "/assets/static_pages.js?body=1" for 127.0.0.1 at 2012-04-07 00:03:15 -0700
Served asset /static_pages.js - 304 Not Modified (0ms)


Started GET "/assets/jquery.js?body=1" for 127.0.0.1 at 2012-04-07 00:03:15 -0700
Served asset /jquery.js - 304 Not Modified (0ms)


Started GET "/assets/wishes.js?body=1" for 127.0.0.1 at 2012-04-07 00:03:15 -0700
Served asset /wishes.js - 304 Not Modified (0ms)


Started GET "/assets/application.js?body=1" for 127.0.0.1 at 2012-04-07 00:03:15 -0700
Served asset /application.js - 304 Not Modified (0ms)


Started GET "/static_pages/home" for 127.0.0.1 at 2012-04-07 00:03:31 -0700
  Processing by StaticPagesController#home as HTML
Rendered static_pages/home.html.erb within layouts/application (0.1ms)
Completed 200 OK in 15ms (Views: 15.1ms | ActiveRecord: 0.0ms)


Started GET "/assets/application.css?body=1" for 127.0.0.1 at 2012-04-07 00:03:31 -0700
Served asset /application.css - 304 Not Modified (3ms)


Started GET "/assets/static_pages.css?body=1" for 127.0.0.1 at 2012-04-07 00:03:31 -0700
Served asset /static_pages.css - 304 Not Modified (0ms)


Started GET "/assets/custom.css?body=1" for 127.0.0.1 at 2012-04-07 00:03:31 -0700
Served asset /custom.css - 304 Not Modified (1ms)


Started GET "/assets/scaffolds.css?body=1" for 127.0.0.1 at 2012-04-07 00:03:31 -0700
Served asset /scaffolds.css - 304 Not Modified (0ms)


Started GET "/assets/wishes.css?body=1" for 127.0.0.1 at 2012-04-07 00:03:31 -0700
Served asset /wishes.css - 304 Not Modified (1ms)


Started GET "/assets/jquery.js?body=1" for 127.0.0.1 at 2012-04-07 00:03:31 -0700
Served asset /jquery.js - 304 Not Modified (0ms)


Started GET "/assets/jquery_ujs.js?body=1" for 127.0.0.1 at 2012-04-07 00:03:31 -0700
Served asset /jquery_ujs.js - 304 Not Modified (0ms)


Started GET "/assets/wishes.js?body=1" for 127.0.0.1 at 2012-04-07 00:03:31 -0700
Served asset /wishes.js - 304 Not Modified (0ms)


Started GET "/assets/static_pages.js?body=1" for 127.0.0.1 at 2012-04-07 00:03:31 -0700
Served asset /static_pages.js - 304 Not Modified (0ms)


Started GET "/assets/application.js?body=1" for 127.0.0.1 at 2012-04-07 00:03:31 -0700
Served asset /application.js - 304 Not Modified (0ms)


Started GET "/static_pages/home" for 127.0.0.1 at 2012-04-07 00:08:02 -0700

ArgumentError (missing :action):
  config/routes.rb:3:in `block in <top (required)>'
  config/routes.rb:1:in `<top (required)>'

Rendered /Users/alexischuck/.rvm/gems/ruby-1.9.3-p125@rails3tutorial2ndEd/gems/actionpack-3.1.3/lib/action_dispatch/middleware/templates/rescues/_trace.erb (1.1ms)
Rendered /Users/alexischuck/.rvm/gems/ruby-1.9.3-p125@rails3tutorial2ndEd/gems/actionpack-3.1.3/lib/action_dispatch/middleware/templates/rescues/_request_and_response.erb (0.8ms)
Rendered /Users/alexischuck/.rvm/gems/ruby-1.9.3-p125@rails3tutorial2ndEd/gems/actionpack-3.1.3/lib/action_dispatch/middleware/templates/rescues/diagnostics.erb within rescues/layout (3.7ms)


Started GET "/static_pages/home" for 127.0.0.1 at 2012-04-07 00:08:20 -0700

ActionController::RoutingError (No route matches [GET] "/static_pages/home"):
  

Rendered /Users/alexischuck/.rvm/gems/ruby-1.9.3-p125@rails3tutorial2ndEd/gems/actionpack-3.1.3/lib/action_dispatch/middleware/templates/rescues/routing_error.erb within rescues/layout (0.6ms)


Started GET "/static_pages/home" for 127.0.0.1 at 2012-04-07 00:08:21 -0700

ActionController::RoutingError (No route matches [GET] "/static_pages/home"):
  

Rendered /Users/alexischuck/.rvm/gems/ruby-1.9.3-p125@rails3tutorial2ndEd/gems/actionpack-3.1.3/lib/action_dispatch/middleware/templates/rescues/routing_error.erb within rescues/layout (0.5ms)


Started GET "/static_pages/home" for 127.0.0.1 at 2012-04-07 00:08:28 -0700

ArgumentError (missing :action):
  config/routes.rb:3:in `block in <top (required)>'
  config/routes.rb:1:in `<top (required)>'

Rendered /Users/alexischuck/.rvm/gems/ruby-1.9.3-p125@rails3tutorial2ndEd/gems/actionpack-3.1.3/lib/action_dispatch/middleware/templates/rescues/_trace.erb (1.0ms)
Rendered /Users/alexischuck/.rvm/gems/ruby-1.9.3-p125@rails3tutorial2ndEd/gems/actionpack-3.1.3/lib/action_dispatch/middleware/templates/rescues/_request_and_response.erb (0.8ms)
Rendered /Users/alexischuck/.rvm/gems/ruby-1.9.3-p125@rails3tutorial2ndEd/gems/actionpack-3.1.3/lib/action_dispatch/middleware/templates/rescues/diagnostics.erb within rescues/layout (3.5ms)


Started GET "/static_pages/home" for 127.0.0.1 at 2012-04-07 00:08:35 -0700

ArgumentError (missing :action):
  config/routes.rb:3:in `block in <top (required)>'
  config/routes.rb:1:in `<top (required)>'

Rendered /Users/alexischuck/.rvm/gems/ruby-1.9.3-p125@rails3tutorial2ndEd/gems/actionpack-3.1.3/lib/action_dispatch/middleware/templates/rescues/_trace.erb (1.0ms)
Rendered /Users/alexischuck/.rvm/gems/ruby-1.9.3-p125@rails3tutorial2ndEd/gems/actionpack-3.1.3/lib/action_dispatch/middleware/templates/rescues/_request_and_response.erb (0.8ms)
Rendered /Users/alexischuck/.rvm/gems/ruby-1.9.3-p125@rails3tutorial2ndEd/gems/actionpack-3.1.3/lib/action_dispatch/middleware/templates/rescues/diagnostics.erb within rescues/layout (3.6ms)


Started GET "/static_pages/home" for 127.0.0.1 at 2012-04-07 00:08:38 -0700

ActionController::RoutingError (No route matches [GET] "/static_pages/home"):
  

Rendered /Users/alexischuck/.rvm/gems/ruby-1.9.3-p125@rails3tutorial2ndEd/gems/actionpack-3.1.3/lib/action_dispatch/middleware/templates/rescues/routing_error.erb within rescues/layout (0.5ms)


Started GET "/static_pages/home" for 127.0.0.1 at 2012-04-07 00:08:55 -0700

ActionController::RoutingError (No route matches [GET] "/static_pages/home"):
  

Rendered /Users/alexischuck/.rvm/gems/ruby-1.9.3-p125@rails3tutorial2ndEd/gems/actionpack-3.1.3/lib/action_dispatch/middleware/templates/rescues/routing_error.erb within rescues/layout (0.5ms)


Started GET "/static_pages/home" for 127.0.0.1 at 2012-04-07 00:08:56 -0700

ActionController::RoutingError (No route matches [GET] "/static_pages/home"):
  

Rendered /Users/alexischuck/.rvm/gems/ruby-1.9.3-p125@rails3tutorial2ndEd/gems/actionpack-3.1.3/lib/action_dispatch/middleware/templates/rescues/routing_error.erb within rescues/layout (0.6ms)


Started GET "/static_pages/home" for 127.0.0.1 at 2012-04-07 00:08:57 -0700

ActionController::RoutingError (No route matches [GET] "/static_pages/home"):
  

Rendered /Users/alexischuck/.rvm/gems/ruby-1.9.3-p125@rails3tutorial2ndEd/gems/actionpack-3.1.3/lib/action_dispatch/middleware/templates/rescues/routing_error.erb within rescues/layout (0.8ms)


Started GET "/static_pages/home" for 127.0.0.1 at 2012-04-07 00:09:02 -0700

ActionController::RoutingError (No route matches [GET] "/static_pages/home"):
  

Rendered /Users/alexischuck/.rvm/gems/ruby-1.9.3-p125@rails3tutorial2ndEd/gems/actionpack-3.1.3/lib/action_dispatch/middleware/templates/rescues/routing_error.erb within rescues/layout (0.6ms)


Started GET "/static_pages/" for 127.0.0.1 at 2012-04-07 00:09:06 -0700

ActionController::RoutingError (No route matches [GET] "/static_pages"):
  

Rendered /Users/alexischuck/.rvm/gems/ruby-1.9.3-p125@rails3tutorial2ndEd/gems/actionpack-3.1.3/lib/action_dispatch/middleware/templates/rescues/routing_error.erb within rescues/layout (0.6ms)


Started GET "/static_pages/about" for 127.0.0.1 at 2012-04-07 00:09:09 -0700

ActionController::RoutingError (No route matches [GET] "/static_pages/about"):
  

Rendered /Users/alexischuck/.rvm/gems/ruby-1.9.3-p125@rails3tutorial2ndEd/gems/actionpack-3.1.3/lib/action_dispatch/middleware/templates/rescues/routing_error.erb within rescues/layout (0.6ms)


Started GET "/static_pages/about" for 127.0.0.1 at 2012-04-07 00:09:42 -0700

ActionController::RoutingError (No route matches [GET] "/static_pages/about"):
  

Rendered /Users/alexischuck/.rvm/gems/ruby-1.9.3-p125@rails3tutorial2ndEd/gems/actionpack-3.1.3/lib/action_dispatch/middleware/templates/rescues/routing_error.erb within rescues/layout (0.5ms)


Started GET "/static_pages/about" for 127.0.0.1 at 2012-04-07 00:09:43 -0700

ActionController::RoutingError (No route matches [GET] "/static_pages/about"):
  

Rendered /Users/alexischuck/.rvm/gems/ruby-1.9.3-p125@rails3tutorial2ndEd/gems/actionpack-3.1.3/lib/action_dispatch/middleware/templates/rescues/routing_error.erb within rescues/layout (0.5ms)


Started GET "/static_pages/about" for 127.0.0.1 at 2012-04-07 00:09:49 -0700

ActionController::RoutingError (No route matches [GET] "/static_pages/about"):
  

Rendered /Users/alexischuck/.rvm/gems/ruby-1.9.3-p125@rails3tutorial2ndEd/gems/actionpack-3.1.3/lib/action_dispatch/middleware/templates/rescues/routing_error.erb within rescues/layout (0.5ms)


Started GET "/static_pages/about" for 127.0.0.1 at 2012-04-07 00:10:01 -0700

ActionController::RoutingError (No route matches [GET] "/static_pages/about"):
  

Rendered /Users/alexischuck/.rvm/gems/ruby-1.9.3-p125@rails3tutorial2ndEd/gems/actionpack-3.1.3/lib/action_dispatch/middleware/templates/rescues/routing_error.erb within rescues/layout (2.6ms)


Started GET "/static_pages/about" for 127.0.0.1 at 2012-04-07 00:10:01 -0700

ActionController::RoutingError (No route matches [GET] "/static_pages/about"):
  

Rendered /Users/alexischuck/.rvm/gems/ruby-1.9.3-p125@rails3tutorial2ndEd/gems/actionpack-3.1.3/lib/action_dispatch/middleware/templates/rescues/routing_error.erb within rescues/layout (0.5ms)


Started GET "/static_pages/about" for 127.0.0.1 at 2012-04-07 00:10:02 -0700

ActionController::RoutingError (No route matches [GET] "/static_pages/about"):
  

Rendered /Users/alexischuck/.rvm/gems/ruby-1.9.3-p125@rails3tutorial2ndEd/gems/actionpack-3.1.3/lib/action_dispatch/middleware/templates/rescues/routing_error.erb within rescues/layout (0.7ms)


Started GET "/static_pages/about" for 127.0.0.1 at 2012-04-07 00:10:03 -0700

ActionController::RoutingError (No route matches [GET] "/static_pages/about"):
  

Rendered /Users/alexischuck/.rvm/gems/ruby-1.9.3-p125@rails3tutorial2ndEd/gems/actionpack-3.1.3/lib/action_dispatch/middleware/templates/rescues/routing_error.erb within rescues/layout (0.6ms)


Started GET "/static_pages/about" for 127.0.0.1 at 2012-04-07 00:10:29 -0700

ActionController::RoutingError (No route matches [GET] "/static_pages/about"):
  

Rendered /Users/alexischuck/.rvm/gems/ruby-1.9.3-p125@rails3tutorial2ndEd/gems/actionpack-3.1.3/lib/action_dispatch/middleware/templates/rescues/routing_error.erb within rescues/layout (0.5ms)


Started GET "/static_pages/about" for 127.0.0.1 at 2012-04-07 00:10:30 -0700

ActionController::RoutingError (No route matches [GET] "/static_pages/about"):
  

Rendered /Users/alexischuck/.rvm/gems/ruby-1.9.3-p125@rails3tutorial2ndEd/gems/actionpack-3.1.3/lib/action_dispatch/middleware/templates/rescues/routing_error.erb within rescues/layout (0.6ms)


Started GET "/static_pages/about" for 127.0.0.1 at 2012-04-07 00:10:48 -0700

ActionController::RoutingError (No route matches [GET] "/static_pages/about"):
  

Rendered /Users/alexischuck/.rvm/gems/ruby-1.9.3-p125@rails3tutorial2ndEd/gems/actionpack-3.1.3/lib/action_dispatch/middleware/templates/rescues/routing_error.erb within rescues/layout (0.5ms)


Started GET "/static_pages/about" for 127.0.0.1 at 2012-04-07 00:10:49 -0700

ActionController::RoutingError (No route matches [GET] "/static_pages/about"):
  

Rendered /Users/alexischuck/.rvm/gems/ruby-1.9.3-p125@rails3tutorial2ndEd/gems/actionpack-3.1.3/lib/action_dispatch/middleware/templates/rescues/routing_error.erb within rescues/layout (0.6ms)


Started GET "/static_pages/about" for 127.0.0.1 at 2012-04-07 00:10:50 -0700

ActionController::RoutingError (No route matches [GET] "/static_pages/about"):
  

Rendered /Users/alexischuck/.rvm/gems/ruby-1.9.3-p125@rails3tutorial2ndEd/gems/actionpack-3.1.3/lib/action_dispatch/middleware/templates/rescues/routing_error.erb within rescues/layout (0.6ms)


Started GET "/static_pages/about" for 127.0.0.1 at 2012-04-07 00:11:20 -0700

ActionController::RoutingError (No route matches [GET] "/static_pages/about"):
  

Rendered /Users/alexischuck/.rvm/gems/ruby-1.9.3-p125@rails3tutorial2ndEd/gems/actionpack-3.1.3/lib/action_dispatch/middleware/templates/rescues/routing_error.erb within rescues/layout (0.6ms)


Started GET "/static_pages/about" for 127.0.0.1 at 2012-04-07 00:11:21 -0700

ActionController::RoutingError (No route matches [GET] "/static_pages/about"):
  

Rendered /Users/alexischuck/.rvm/gems/ruby-1.9.3-p125@rails3tutorial2ndEd/gems/actionpack-3.1.3/lib/action_dispatch/middleware/templates/rescues/routing_error.erb within rescues/layout (0.6ms)


Started GET "/static_pages/about" for 127.0.0.1 at 2012-04-07 00:11:21 -0700

ActionController::RoutingError (No route matches [GET] "/static_pages/about"):
  

Rendered /Users/alexischuck/.rvm/gems/ruby-1.9.3-p125@rails3tutorial2ndEd/gems/actionpack-3.1.3/lib/action_dispatch/middleware/templates/rescues/routing_error.erb within rescues/layout (0.6ms)


Started GET "/static_pages/about" for 127.0.0.1 at 2012-04-07 00:14:00 -0700

ActionController::RoutingError (No route matches [GET] "/static_pages/about"):
  

Rendered /Users/alexischuck/.rvm/gems/ruby-1.9.3-p125@rails3tutorial2ndEd/gems/actionpack-3.1.3/lib/action_dispatch/middleware/templates/rescues/routing_error.erb within rescues/layout (0.6ms)


Started GET "/static_pages/about" for 127.0.0.1 at 2012-04-07 00:14:00 -0700

ActionController::RoutingError (No route matches [GET] "/static_pages/about"):
  

Rendered /Users/alexischuck/.rvm/gems/ruby-1.9.3-p125@rails3tutorial2ndEd/gems/actionpack-3.1.3/lib/action_dispatch/middleware/templates/rescues/routing_error.erb within rescues/layout (0.7ms)


Started GET "/static_pages/about" for 127.0.0.1 at 2012-04-07 00:14:19 -0700

ActionController::RoutingError (No route matches [GET] "/static_pages/about"):
  

Rendered /Users/alexischuck/.rvm/gems/ruby-1.9.3-p125@rails3tutorial2ndEd/gems/actionpack-3.1.3/lib/action_dispatch/middleware/templates/rescues/routing_error.erb within rescues/layout (0.6ms)


Started GET "/static_pages/about" for 127.0.0.1 at 2012-04-07 00:14:20 -0700

ActionController::RoutingError (No route matches [GET] "/static_pages/about"):
  

Rendered /Users/alexischuck/.rvm/gems/ruby-1.9.3-p125@rails3tutorial2ndEd/gems/actionpack-3.1.3/lib/action_dispatch/middleware/templates/rescues/routing_error.erb within rescues/layout (21.2ms)


Started GET "/static_pages/about" for 127.0.0.1 at 2012-04-07 00:14:21 -0700

ActionController::RoutingError (No route matches [GET] "/static_pages/about"):
  

Rendered /Users/alexischuck/.rvm/gems/ruby-1.9.3-p125@rails3tutorial2ndEd/gems/actionpack-3.1.3/lib/action_dispatch/middleware/templates/rescues/routing_error.erb within rescues/layout (0.6ms)


Started GET "/static_pages/about" for 127.0.0.1 at 2012-04-07 00:14:24 -0700

ActionController::RoutingError (No route matches [GET] "/static_pages/about"):
  

Rendered /Users/alexischuck/.rvm/gems/ruby-1.9.3-p125@rails3tutorial2ndEd/gems/actionpack-3.1.3/lib/action_dispatch/middleware/templates/rescues/routing_error.erb within rescues/layout (0.6ms)


Started GET "/static_pages/about" for 127.0.0.1 at 2012-04-07 00:14:33 -0700

ActionController::RoutingError (No route matches [GET] "/static_pages/about"):
  

Rendered /Users/alexischuck/.rvm/gems/ruby-1.9.3-p125@rails3tutorial2ndEd/gems/actionpack-3.1.3/lib/action_dispatch/middleware/templates/rescues/routing_error.erb within rescues/layout (2.9ms)


Started GET "/static_pages/about" for 127.0.0.1 at 2012-04-07 00:15:26 -0700

ActionController::RoutingError (No route matches [GET] "/static_pages/about"):
  

Rendered /Users/alexischuck/.rvm/gems/ruby-1.9.3-p125@rails3tutorial2ndEd/gems/actionpack-3.1.3/lib/action_dispatch/middleware/templates/rescues/routing_error.erb within rescues/layout (0.6ms)


Started GET "/static_pages/about" for 127.0.0.1 at 2012-04-07 00:15:27 -0700

ActionController::RoutingError (No route matches [GET] "/static_pages/about"):
  

Rendered /Users/alexischuck/.rvm/gems/ruby-1.9.3-p125@rails3tutorial2ndEd/gems/actionpack-3.1.3/lib/action_dispatch/middleware/templates/rescues/routing_error.erb within rescues/layout (0.6ms)


Started GET "/static_pages/about" for 127.0.0.1 at 2012-04-07 00:16:29 -0700

ActionController::RoutingError (No route matches [GET] "/static_pages/about"):
  

Rendered /Users/alexischuck/.rvm/gems/ruby-1.9.3-p125@rails3tutorial2ndEd/gems/actionpack-3.1.3/lib/action_dispatch/middleware/templates/rescues/routing_error.erb within rescues/layout (0.6ms)


Started GET "/static_pages/about" for 127.0.0.1 at 2012-04-07 00:16:29 -0700

ActionController::RoutingError (No route matches [GET] "/static_pages/about"):
  

Rendered /Users/alexischuck/.rvm/gems/ruby-1.9.3-p125@rails3tutorial2ndEd/gems/actionpack-3.1.3/lib/action_dispatch/middleware/templates/rescues/routing_error.erb within rescues/layout (0.7ms)


Started GET "/static_pages/about" for 127.0.0.1 at 2012-04-07 00:16:56 -0700

ActionController::RoutingError (No route matches [GET] "/static_pages/about"):
  

Rendered /Users/alexischuck/.rvm/gems/ruby-1.9.3-p125@rails3tutorial2ndEd/gems/actionpack-3.1.3/lib/action_dispatch/middleware/templates/rescues/routing_error.erb within rescues/layout (3.9ms)


Started GET "/static_pages/about" for 127.0.0.1 at 2012-04-07 00:16:57 -0700

ActionController::RoutingError (No route matches [GET] "/static_pages/about"):
  

Rendered /Users/alexischuck/.rvm/gems/ruby-1.9.3-p125@rails3tutorial2ndEd/gems/actionpack-3.1.3/lib/action_dispatch/middleware/templates/rescues/routing_error.erb within rescues/layout (0.5ms)


Started GET "/static_pages/about" for 127.0.0.1 at 2012-04-07 00:17:34 -0700
  Processing by StaticPagesController#about as HTML
Rendered static_pages/about.html.erb within layouts/application (0.4ms)
Completed 200 OK in 72ms (Views: 71.1ms | ActiveRecord: 0.0ms)


Started GET "/assets/application.css?body=1" for 127.0.0.1 at 2012-04-07 00:17:34 -0700
Served asset /application.css - 304 Not Modified (2ms)


Started GET "/assets/static_pages.css?body=1" for 127.0.0.1 at 2012-04-07 00:17:34 -0700
Served asset /static_pages.css - 304 Not Modified (2ms)


Started GET "/assets/custom.css?body=1" for 127.0.0.1 at 2012-04-07 00:17:34 -0700
Served asset /custom.css - 304 Not Modified (8ms)


Started GET "/assets/wishes.css?body=1" for 127.0.0.1 at 2012-04-07 00:17:34 -0700
Served asset /wishes.css - 304 Not Modified (2ms)


Started GET "/assets/jquery.js?body=1" for 127.0.0.1 at 2012-04-07 00:17:34 -0700
Served asset /jquery.js - 304 Not Modified (5ms)


Started GET "/assets/scaffolds.css?body=1" for 127.0.0.1 at 2012-04-07 00:17:34 -0700
Served asset /scaffolds.css - 304 Not Modified (2ms)


Started GET "/assets/static_pages.js?body=1" for 127.0.0.1 at 2012-04-07 00:17:34 -0700
Served asset /static_pages.js - 304 Not Modified (1ms)


Started GET "/assets/jquery_ujs.js?body=1" for 127.0.0.1 at 2012-04-07 00:17:34 -0700
Served asset /jquery_ujs.js - 304 Not Modified (1ms)


Started GET "/assets/wishes.js?body=1" for 127.0.0.1 at 2012-04-07 00:17:34 -0700
Served asset /wishes.js - 304 Not Modified (2ms)


Started GET "/assets/application.js?body=1" for 127.0.0.1 at 2012-04-07 00:17:34 -0700
Served asset /application.js - 304 Not Modified (0ms)


Started GET "/static_pages/about" for 127.0.0.1 at 2012-04-07 00:18:46 -0700
  Processing by StaticPagesController#about as HTML
Rendered static_pages/about.html.erb within layouts/application (0.1ms)
Completed 200 OK in 16ms (Views: 15.3ms | ActiveRecord: 0.0ms)


Started GET "/assets/application.css?body=1" for 127.0.0.1 at 2012-04-07 00:18:46 -0700
Served asset /application.css - 304 Not Modified (2ms)


Started GET "/assets/jquery.js?body=1" for 127.0.0.1 at 2012-04-07 00:18:46 -0700
Served asset /jquery.js - 304 Not Modified (0ms)


Started GET "/assets/scaffolds.css?body=1" for 127.0.0.1 at 2012-04-07 00:18:46 -0700
Served asset /scaffolds.css - 304 Not Modified (0ms)


Started GET "/assets/custom.css?body=1" for 127.0.0.1 at 2012-04-07 00:18:46 -0700
Served asset /custom.css - 304 Not Modified (1ms)


Started GET "/assets/wishes.css?body=1" for 127.0.0.1 at 2012-04-07 00:18:46 -0700
Served asset /wishes.css - 304 Not Modified (0ms)


Started GET "/assets/static_pages.css?body=1" for 127.0.0.1 at 2012-04-07 00:18:46 -0700
Served asset /static_pages.css - 304 Not Modified (0ms)


Started GET "/assets/jquery_ujs.js?body=1" for 127.0.0.1 at 2012-04-07 00:18:46 -0700
Served asset /jquery_ujs.js - 304 Not Modified (0ms)


Started GET "/assets/static_pages.js?body=1" for 127.0.0.1 at 2012-04-07 00:18:46 -0700
Served asset /static_pages.js - 304 Not Modified (0ms)


Started GET "/assets/wishes.js?body=1" for 127.0.0.1 at 2012-04-07 00:18:46 -0700
Served asset /wishes.js - 304 Not Modified (0ms)


Started GET "/assets/application.js?body=1" for 127.0.0.1 at 2012-04-07 00:18:46 -0700
Served asset /application.js - 304 Not Modified (0ms)


Started GET "/static_pages/about" for 127.0.0.1 at 2012-04-07 00:19:22 -0700
  Processing by StaticPagesController#about as HTML
Rendered static_pages/about.html.erb within layouts/application (0.1ms)
Completed 200 OK in 15ms (Views: 14.8ms | ActiveRecord: 0.0ms)


Started GET "/assets/application.css?body=1" for 127.0.0.1 at 2012-04-07 00:19:22 -0700
Served asset /application.css - 304 Not Modified (2ms)


Started GET "/assets/custom.css?body=1" for 127.0.0.1 at 2012-04-07 00:19:22 -0700
Served asset /custom.css - 304 Not Modified (1ms)


Started GET "/assets/scaffolds.css?body=1" for 127.0.0.1 at 2012-04-07 00:19:22 -0700
Served asset /scaffolds.css - 304 Not Modified (0ms)


Started GET "/assets/wishes.css?body=1" for 127.0.0.1 at 2012-04-07 00:19:22 -0700
Served asset /wishes.css - 304 Not Modified (0ms)


Started GET "/assets/static_pages.js?body=1" for 127.0.0.1 at 2012-04-07 00:19:22 -0700
Served asset /static_pages.js - 304 Not Modified (0ms)


Started GET "/assets/jquery_ujs.js?body=1" for 127.0.0.1 at 2012-04-07 00:19:22 -0700
Served asset /jquery_ujs.js - 304 Not Modified (0ms)


Started GET "/assets/jquery.js?body=1" for 127.0.0.1 at 2012-04-07 00:19:22 -0700
Served asset /jquery.js - 304 Not Modified (0ms)


Started GET "/assets/static_pages.css?body=1" for 127.0.0.1 at 2012-04-07 00:19:22 -0700
Served asset /static_pages.css - 304 Not Modified (0ms)


Started GET "/assets/wishes.js?body=1" for 127.0.0.1 at 2012-04-07 00:19:22 -0700
Served asset /wishes.js - 304 Not Modified (0ms)


Started GET "/assets/application.js?body=1" for 127.0.0.1 at 2012-04-07 00:19:22 -0700
Served asset /application.js - 304 Not Modified (0ms)


Started GET "/static_pages/about" for 127.0.0.1 at 2012-04-07 00:19:23 -0700
  Processing by StaticPagesController#about as HTML
Rendered static_pages/about.html.erb within layouts/application (0.1ms)
Completed 200 OK in 14ms (Views: 13.5ms | ActiveRecord: 0.0ms)


Started GET "/assets/application.css?body=1" for 127.0.0.1 at 2012-04-07 00:19:23 -0700
Served asset /application.css - 200 OK (17ms)


Started GET "/assets/custom.css?body=1" for 127.0.0.1 at 2012-04-07 00:19:23 -0700
Served asset /custom.css - 200 OK (9ms)


Started GET "/assets/scaffolds.css?body=1" for 127.0.0.1 at 2012-04-07 00:19:23 -0700
Served asset /scaffolds.css - 200 OK (0ms)


Started GET "/assets/static_pages.css?body=1" for 127.0.0.1 at 2012-04-07 00:19:23 -0700
Served asset /static_pages.css - 200 OK (0ms)


Started GET "/assets/wishes.css?body=1" for 127.0.0.1 at 2012-04-07 00:19:23 -0700
Served asset /wishes.css - 200 OK (0ms)


Started GET "/assets/jquery.js?body=1" for 127.0.0.1 at 2012-04-07 00:19:23 -0700
Served asset /jquery.js - 200 OK (0ms)


Started GET "/assets/jquery_ujs.js?body=1" for 127.0.0.1 at 2012-04-07 00:19:23 -0700
Served asset /jquery_ujs.js - 200 OK (0ms)


Started GET "/assets/static_pages.js?body=1" for 127.0.0.1 at 2012-04-07 00:19:23 -0700
Served asset /static_pages.js - 200 OK (0ms)


Started GET "/assets/wishes.js?body=1" for 127.0.0.1 at 2012-04-07 00:19:23 -0700
Served asset /wishes.js - 200 OK (0ms)


Started GET "/assets/application.js?body=1" for 127.0.0.1 at 2012-04-07 00:19:23 -0700
Served asset /application.js - 200 OK (0ms)


Started GET "/static_pages/about" for 127.0.0.1 at 2012-04-07 00:19:43 -0700
  Processing by StaticPagesController#about as HTML
Rendered static_pages/about.html.erb within layouts/application (0.1ms)
Completed 200 OK in 16ms (Views: 15.7ms | ActiveRecord: 0.0ms)


Started GET "/assets/application.css?body=1" for 127.0.0.1 at 2012-04-07 00:19:43 -0700
Served asset /application.css - 304 Not Modified (8ms)


Started GET "/assets/jquery.js?body=1" for 127.0.0.1 at 2012-04-07 00:19:43 -0700
Served asset /jquery.js - 304 Not Modified (0ms)


Started GET "/assets/custom.css?body=1" for 127.0.0.1 at 2012-04-07 00:19:43 -0700
Served asset /custom.css - 304 Not Modified (2ms)


Started GET "/assets/wishes.css?body=1" for 127.0.0.1 at 2012-04-07 00:19:43 -0700
Served asset /wishes.css - 304 Not Modified (0ms)


Started GET "/assets/static_pages.css?body=1" for 127.0.0.1 at 2012-04-07 00:19:43 -0700
Served asset /static_pages.css - 304 Not Modified (0ms)


Started GET "/assets/scaffolds.css?body=1" for 127.0.0.1 at 2012-04-07 00:19:43 -0700
Served asset /scaffolds.css - 304 Not Modified (3ms)


Started GET "/assets/jquery_ujs.js?body=1" for 127.0.0.1 at 2012-04-07 00:19:43 -0700
Served asset /jquery_ujs.js - 304 Not Modified (0ms)


Started GET "/assets/wishes.js?body=1" for 127.0.0.1 at 2012-04-07 00:19:43 -0700
Served asset /wishes.js - 304 Not Modified (0ms)


Started GET "/assets/static_pages.js?body=1" for 127.0.0.1 at 2012-04-07 00:19:43 -0700
Served asset /static_pages.js - 304 Not Modified (0ms)


Started GET "/assets/application.js?body=1" for 127.0.0.1 at 2012-04-07 00:19:43 -0700
Served asset /application.js - 304 Not Modified (0ms)


Started GET "/static_pages/about" for 127.0.0.1 at 2012-04-07 00:19:45 -0700
  Processing by StaticPagesController#about as HTML
Rendered static_pages/about.html.erb within layouts/application (0.1ms)
Completed 200 OK in 15ms (Views: 14.2ms | ActiveRecord: 0.0ms)


Started GET "/assets/application.css?body=1" for 127.0.0.1 at 2012-04-07 00:19:45 -0700
Served asset /application.css - 200 OK (4ms)


Started GET "/assets/custom.css?body=1" for 127.0.0.1 at 2012-04-07 00:19:45 -0700
Served asset /custom.css - 200 OK (2ms)


Started GET "/assets/static_pages.css?body=1" for 127.0.0.1 at 2012-04-07 00:19:45 -0700
Served asset /static_pages.css - 200 OK (0ms)


Started GET "/assets/scaffolds.css?body=1" for 127.0.0.1 at 2012-04-07 00:19:45 -0700
Served asset /scaffolds.css - 200 OK (0ms)


Started GET "/assets/jquery_ujs.js?body=1" for 127.0.0.1 at 2012-04-07 00:19:45 -0700
Served asset /jquery_ujs.js - 200 OK (0ms)


Started GET "/assets/static_pages.js?body=1" for 127.0.0.1 at 2012-04-07 00:19:45 -0700
Served asset /static_pages.js - 200 OK (0ms)


Started GET "/assets/wishes.css?body=1" for 127.0.0.1 at 2012-04-07 00:19:45 -0700
Served asset /wishes.css - 200 OK (0ms)


Started GET "/assets/wishes.js?body=1" for 127.0.0.1 at 2012-04-07 00:19:45 -0700
Served asset /wishes.js - 200 OK (0ms)


Started GET "/assets/jquery.js?body=1" for 127.0.0.1 at 2012-04-07 00:19:45 -0700
Served asset /jquery.js - 200 OK (0ms)


Started GET "/assets/application.js?body=1" for 127.0.0.1 at 2012-04-07 00:19:45 -0700
Served asset /application.js - 200 OK (0ms)


Started GET "/static_pages/about" for 127.0.0.1 at 2012-04-07 00:20:48 -0700
  Processing by StaticPagesController#about as HTML
Rendered static_pages/about.html.erb within layouts/application (0.1ms)
Completed 200 OK in 13ms (Views: 13.1ms | ActiveRecord: 0.0ms)


Started GET "/assets/application.css?body=1" for 127.0.0.1 at 2012-04-07 00:20:48 -0700
Served asset /application.css - 304 Not Modified (4ms)


Started GET "/assets/custom.css?body=1" for 127.0.0.1 at 2012-04-07 00:20:48 -0700
Served asset /custom.css - 304 Not Modified (1ms)


Started GET "/assets/scaffolds.css?body=1" for 127.0.0.1 at 2012-04-07 00:20:48 -0700
Served asset /scaffolds.css - 304 Not Modified (2ms)


Started GET "/assets/static_pages.css?body=1" for 127.0.0.1 at 2012-04-07 00:20:48 -0700
Served asset /static_pages.css - 304 Not Modified (0ms)


Started GET "/assets/wishes.css?body=1" for 127.0.0.1 at 2012-04-07 00:20:48 -0700
Served asset /wishes.css - 304 Not Modified (0ms)


Started GET "/assets/jquery_ujs.js?body=1" for 127.0.0.1 at 2012-04-07 00:20:48 -0700
Served asset /jquery_ujs.js - 304 Not Modified (0ms)


Started GET "/assets/jquery.js?body=1" for 127.0.0.1 at 2012-04-07 00:20:48 -0700
Served asset /jquery.js - 304 Not Modified (0ms)


Started GET "/assets/static_pages.js?body=1" for 127.0.0.1 at 2012-04-07 00:20:48 -0700
Served asset /static_pages.js - 304 Not Modified (0ms)


Started GET "/assets/wishes.js?body=1" for 127.0.0.1 at 2012-04-07 00:20:48 -0700
Served asset /wishes.js - 304 Not Modified (0ms)


Started GET "/assets/application.js?body=1" for 127.0.0.1 at 2012-04-07 00:20:48 -0700
Served asset /application.js - 304 Not Modified (0ms)


Started GET "/static_pages/about" for 127.0.0.1 at 2012-04-07 00:20:49 -0700
  Processing by StaticPagesController#about as HTML
Rendered static_pages/about.html.erb within layouts/application (0.1ms)
Completed 200 OK in 39ms (Views: 38.4ms | ActiveRecord: 0.0ms)


Started GET "/assets/application.css?body=1" for 127.0.0.1 at 2012-04-07 00:20:49 -0700
Served asset /application.css - 200 OK (3ms)


Started GET "/assets/custom.css?body=1" for 127.0.0.1 at 2012-04-07 00:20:49 -0700
Served asset /custom.css - 200 OK (1ms)


Started GET "/assets/scaffolds.css?body=1" for 127.0.0.1 at 2012-04-07 00:20:49 -0700
Served asset /scaffolds.css - 200 OK (1ms)


Started GET "/assets/static_pages.css?body=1" for 127.0.0.1 at 2012-04-07 00:20:49 -0700
Served asset /static_pages.css - 200 OK (0ms)


Started GET "/assets/wishes.css?body=1" for 127.0.0.1 at 2012-04-07 00:20:49 -0700
Served asset /wishes.css - 200 OK (0ms)


Started GET "/assets/jquery_ujs.js?body=1" for 127.0.0.1 at 2012-04-07 00:20:49 -0700
Served asset /jquery_ujs.js - 200 OK (0ms)


Started GET "/assets/jquery.js?body=1" for 127.0.0.1 at 2012-04-07 00:20:49 -0700
Served asset /jquery.js - 200 OK (0ms)


Started GET "/assets/static_pages.js?body=1" for 127.0.0.1 at 2012-04-07 00:20:49 -0700
Served asset /static_pages.js - 200 OK (0ms)


Started GET "/assets/wishes.js?body=1" for 127.0.0.1 at 2012-04-07 00:20:49 -0700
Served asset /wishes.js - 200 OK (0ms)


Started GET "/assets/application.js?body=1" for 127.0.0.1 at 2012-04-07 00:20:49 -0700
Served asset /application.js - 200 OK (0ms)


Started GET "/static_pages/about" for 127.0.0.1 at 2012-04-07 00:21:10 -0700

ActionController::RoutingError (No route matches [GET] "/static_pages/about"):
  

Rendered /Users/alexischuck/.rvm/gems/ruby-1.9.3-p125@rails3tutorial2ndEd/gems/actionpack-3.1.3/lib/action_dispatch/middleware/templates/rescues/routing_error.erb within rescues/layout (0.9ms)


Started GET "/static_pages/about" for 127.0.0.1 at 2012-04-07 00:21:16 -0700
  Processing by StaticPagesController#about as HTML
Rendered static_pages/about.html.erb within layouts/application (0.1ms)
Completed 200 OK in 41ms (Views: 40.5ms | ActiveRecord: 0.0ms)


Started GET "/assets/application.css?body=1" for 127.0.0.1 at 2012-04-07 00:21:16 -0700
Served asset /application.css - 304 Not Modified (6ms)


Started GET "/assets/static_pages.css?body=1" for 127.0.0.1 at 2012-04-07 00:21:16 -0700
Served asset /static_pages.css - 304 Not Modified (0ms)


Started GET "/assets/custom.css?body=1" for 127.0.0.1 at 2012-04-07 00:21:16 -0700
Served asset /custom.css - 304 Not Modified (1ms)


Started GET "/assets/jquery.js?body=1" for 127.0.0.1 at 2012-04-07 00:21:16 -0700
Served asset /jquery.js - 304 Not Modified (0ms)


Started GET "/assets/scaffolds.css?body=1" for 127.0.0.1 at 2012-04-07 00:21:16 -0700
Served asset /scaffolds.css - 304 Not Modified (0ms)


Started GET "/assets/wishes.css?body=1" for 127.0.0.1 at 2012-04-07 00:21:16 -0700
Served asset /wishes.css - 304 Not Modified (0ms)


Started GET "/assets/jquery_ujs.js?body=1" for 127.0.0.1 at 2012-04-07 00:21:16 -0700
Served asset /jquery_ujs.js - 304 Not Modified (0ms)


Started GET "/assets/static_pages.js?body=1" for 127.0.0.1 at 2012-04-07 00:21:16 -0700
Served asset /static_pages.js - 304 Not Modified (0ms)


Started GET "/assets/application.js?body=1" for 127.0.0.1 at 2012-04-07 00:21:16 -0700
Served asset /application.js - 304 Not Modified (0ms)


Started GET "/assets/wishes.js?body=1" for 127.0.0.1 at 2012-04-07 00:21:16 -0700
Served asset /wishes.js - 304 Not Modified (0ms)


Started GET "/static_pages/about" for 127.0.0.1 at 2012-04-07 00:21:21 -0700

ActionController::RoutingError (No route matches [GET] "/static_pages/about"):
  

Rendered /Users/alexischuck/.rvm/gems/ruby-1.9.3-p125@rails3tutorial2ndEd/gems/actionpack-3.1.3/lib/action_dispatch/middleware/templates/rescues/routing_error.erb within rescues/layout (0.7ms)


Started GET "/static_pages/about" for 127.0.0.1 at 2012-04-07 00:22:31 -0700
  Processing by StaticPagesController#about as HTML
Rendered static_pages/about.html.erb within layouts/application (0.1ms)
Completed 200 OK in 15ms (Views: 14.7ms | ActiveRecord: 0.0ms)


Started GET "/assets/application.css?body=1" for 127.0.0.1 at 2012-04-07 00:22:31 -0700
Served asset /application.css - 304 Not Modified (4ms)


Started GET "/assets/custom.css?body=1" for 127.0.0.1 at 2012-04-07 00:22:31 -0700
Served asset /custom.css - 304 Not Modified (1ms)


Started GET "/assets/scaffolds.css?body=1" for 127.0.0.1 at 2012-04-07 00:22:31 -0700
Served asset /scaffolds.css - 304 Not Modified (0ms)


Started GET "/assets/wishes.css?body=1" for 127.0.0.1 at 2012-04-07 00:22:31 -0700
Served asset /wishes.css - 304 Not Modified (0ms)


Started GET "/assets/jquery.js?body=1" for 127.0.0.1 at 2012-04-07 00:22:31 -0700
Served asset /jquery.js - 304 Not Modified (0ms)


Started GET "/assets/static_pages.css?body=1" for 127.0.0.1 at 2012-04-07 00:22:31 -0700
Served asset /static_pages.css - 304 Not Modified (0ms)


Started GET "/assets/static_pages.js?body=1" for 127.0.0.1 at 2012-04-07 00:22:31 -0700
Served asset /static_pages.js - 304 Not Modified (0ms)


Started GET "/assets/jquery_ujs.js?body=1" for 127.0.0.1 at 2012-04-07 00:22:31 -0700
Served asset /jquery_ujs.js - 304 Not Modified (0ms)


Started GET "/assets/wishes.js?body=1" for 127.0.0.1 at 2012-04-07 00:22:31 -0700
Served asset /wishes.js - 304 Not Modified (0ms)


Started GET "/assets/application.js?body=1" for 127.0.0.1 at 2012-04-07 00:22:31 -0700
Served asset /application.js - 304 Not Modified (0ms)


Started GET "/static_pages/about" for 127.0.0.1 at 2012-04-07 00:22:49 -0700
  Processing by StaticPagesController#about as HTML
Rendered static_pages/about.html.erb within layouts/application (0.1ms)
ERROR: compiling _app_views_layouts_application_html_erb___4069483201145392408_70241059043520 RAISED /Users/alexischuck/Hackathon/claremonster/app/views/layouts/application.html.erb:16: unknown regexp option - a
/Users/alexischuck/Hackathon/claremonster/app/views/layouts/application.html.erb:16: syntax error, unexpected '<'
				<li><a href="#">User</a></li>
				                         ^
/Users/alexischuck/Hackathon/claremonster/app/views/layouts/application.html.erb:17: unknown regexp option - l
/Users/alexischuck/Hackathon/claremonster/app/views/layouts/application.html.erb:18: syntax error, unexpected '<'
		</div>	
		 ^
/Users/alexischuck/Hackathon/claremonster/app/views/layouts/application.html.erb:19: unknown regexp options - dv
/Users/alexischuck/Hackathon/claremonster/app/views/layouts/application.html.erb:21: syntax error, unexpected '<'
</div>
 ^
/Users/alexischuck/Hackathon/claremonster/app/views/layouts/application.html.erb:24: unknown regexp options - dv
end pattern with unmatched parenthesis: /div>
<div class="container">
	<%= yield ;@output_buffer.safe_concat('
');@output_buffer.safe_concat('</i
/Users/alexischuck/Hackathon/claremonster/app/views/layouts/application.html.erb:26: syntax error, unexpected '<'
</body>
 ^
/Users/alexischuck/Hackathon/claremonster/app/views/layouts/application.html.erb:27: unknown regexp options - htl
/Users/alexischuck/Hackathon/claremonster/app/views/layouts/application.html.erb:28: unterminated string meets end of file
/Users/alexischuck/Hackathon/claremonster/app/views/layouts/application.html.erb:28: syntax error, unexpected $end, expecting keyword_end
Function body:           def _app_views_layouts_application_html_erb___4069483201145392408_70241059043520(local_assigns, output_buffer)
            _old_virtual_path, @virtual_path = @virtual_path, "layouts/application";_old_output_buffer = @output_buffer;;@output_buffer = output_buffer || ActionView::OutputBuffer.new;@output_buffer.safe_concat('<!DOCTYPE html>
<html lang="eng">
<head>
  <title>Claremonster | ');@output_buffer.append= ( yield(:title) );@output_buffer.safe_concat('</title>
  ');@output_buffer.append= ( stylesheet_link_tag    "application" );@output_buffer.safe_concat('
');@output_buffer.safe_concat('  ');@output_buffer.append= ( javascript_include_tag "application" );@output_buffer.safe_concat('
');@output_buffer.safe_concat('  ');@output_buffer.append= ( csrf_meta_tags );@output_buffer.safe_concat('
');@output_buffer.safe_concat('</head>
<body>
<div class="navbar">
	<div class="navbar-inner">
		<div class="container">
		<a class="brand" href="#">Claremonster</a>
			<ul class="nav pull-right">
				<li>'); link_to "About",	about_path</li>
				<li><a href="#">User</a></li>
			</ul>		
		</div>	
	</div>
	
</div>
<div class="container">
	<%= yield ;@output_buffer.safe_concat('
');@output_buffer.safe_concat('</div>

</body>
</html>
');@output_buffer.to_s
          ensure
            @virtual_path, @output_buffer = _old_virtual_path, _old_output_buffer
          end
Backtrace: /Users/alexischuck/.rvm/gems/ruby-1.9.3-p125@rails3tutorial2ndEd/gems/actionpack-3.1.3/lib/action_view/template.rb:309:in `module_eval'
/Users/alexischuck/.rvm/gems/ruby-1.9.3-p125@rails3tutorial2ndEd/gems/actionpack-3.1.3/lib/action_view/template.rb:309:in `compile'
/Users/alexischuck/.rvm/gems/ruby-1.9.3-p125@rails3tutorial2ndEd/gems/actionpack-3.1.3/lib/action_view/template.rb:217:in `compile!'
/Users/alexischuck/.rvm/gems/ruby-1.9.3-p125@rails3tutorial2ndEd/gems/actionpack-3.1.3/lib/action_view/template.rb:170:in `block in render'
/Users/alexischuck/.rvm/gems/ruby-1.9.3-p125@rails3tutorial2ndEd/gems/activesupport-3.1.3/lib/active_support/notifications.rb:55:in `instrument'
/Users/alexischuck/.rvm/gems/ruby-1.9.3-p125@rails3tutorial2ndEd/gems/actionpack-3.1.3/lib/action_view/template.rb:169:in `render'
/Users/alexischuck/.rvm/gems/ruby-1.9.3-p125@rails3tutorial2ndEd/gems/actionpack-3.1.3/lib/action_view/renderer/template_renderer.rb:52:in `render_with_layout'
/Users/alexischuck/.rvm/gems/ruby-1.9.3-p125@rails3tutorial2ndEd/gems/actionpack-3.1.3/lib/action_view/renderer/template_renderer.rb:38:in `render_template'
/Users/alexischuck/.rvm/gems/ruby-1.9.3-p125@rails3tutorial2ndEd/gems/actionpack-3.1.3/lib/action_view/renderer/template_renderer.rb:12:in `block in render'
/Users/alexischuck/.rvm/gems/ruby-1.9.3-p125@rails3tutorial2ndEd/gems/actionpack-3.1.3/lib/action_view/renderer/abstract_renderer.rb:22:in `wrap_formats'
/Users/alexischuck/.rvm/gems/ruby-1.9.3-p125@rails3tutorial2ndEd/gems/actionpack-3.1.3/lib/action_view/renderer/template_renderer.rb:9:in `render'
/Users/alexischuck/.rvm/gems/ruby-1.9.3-p125@rails3tutorial2ndEd/gems/actionpack-3.1.3/lib/action_view/renderer/renderer.rb:36:in `render_template'
/Users/alexischuck/.rvm/gems/ruby-1.9.3-p125@rails3tutorial2ndEd/gems/actionpack-3.1.3/lib/action_view/renderer/renderer.rb:17:in `render'
/Users/alexischuck/.rvm/gems/ruby-1.9.3-p125@rails3tutorial2ndEd/gems/actionpack-3.1.3/lib/abstract_controller/rendering.rb:120:in `_render_template'
/Users/alexischuck/.rvm/gems/ruby-1.9.3-p125@rails3tutorial2ndEd/gems/actionpack-3.1.3/lib/action_controller/metal/streaming.rb:250:in `_render_template'
/Users/alexischuck/.rvm/gems/ruby-1.9.3-p125@rails3tutorial2ndEd/gems/actionpack-3.1.3/lib/abstract_controller/rendering.rb:114:in `render_to_body'
/Users/alexischuck/.rvm/gems/ruby-1.9.3-p125@rails3tutorial2ndEd/gems/actionpack-3.1.3/lib/action_controller/metal/renderers.rb:30:in `render_to_body'
/Users/alexischuck/.rvm/gems/ruby-1.9.3-p125@rails3tutorial2ndEd/gems/actionpack-3.1.3/lib/action_controller/metal/compatibility.rb:43:in `render_to_body'
/Users/alexischuck/.rvm/gems/ruby-1.9.3-p125@rails3tutorial2ndEd/gems/actionpack-3.1.3/lib/abstract_controller/rendering.rb:99:in `render'
/Users/alexischuck/.rvm/gems/ruby-1.9.3-p125@rails3tutorial2ndEd/gems/actionpack-3.1.3/lib/action_controller/metal/rendering.rb:16:in `render'
/Users/alexischuck/.rvm/gems/ruby-1.9.3-p125@rails3tutorial2ndEd/gems/actionpack-3.1.3/lib/action_controller/metal/instrumentation.rb:40:in `block (2 levels) in render'
/Users/alexischuck/.rvm/gems/ruby-1.9.3-p125@rails3tutorial2ndEd/gems/activesupport-3.1.3/lib/active_support/core_ext/benchmark.rb:5:in `block in ms'
/Users/alexischuck/.rvm/rubies/ruby-1.9.3-p125/lib/ruby/1.9.1/benchmark.rb:295:in `realtime'
/Users/alexischuck/.rvm/gems/ruby-1.9.3-p125@rails3tutorial2ndEd/gems/activesupport-3.1.3/lib/active_support/core_ext/benchmark.rb:5:in `ms'
/Users/alexischuck/.rvm/gems/ruby-1.9.3-p125@rails3tutorial2ndEd/gems/actionpack-3.1.3/lib/action_controller/metal/instrumentation.rb:40:in `block in render'
/Users/alexischuck/.rvm/gems/ruby-1.9.3-p125@rails3tutorial2ndEd/gems/actionpack-3.1.3/lib/action_controller/metal/instrumentation.rb:78:in `cleanup_view_runtime'
/Users/alexischuck/.rvm/gems/ruby-1.9.3-p125@rails3tutorial2ndEd/gems/activerecord-3.1.3/lib/active_record/railties/controller_runtime.rb:24:in `cleanup_view_runtime'
/Users/alexischuck/.rvm/gems/ruby-1.9.3-p125@rails3tutorial2ndEd/gems/actionpack-3.1.3/lib/action_controller/metal/instrumentation.rb:39:in `render'
/Users/alexischuck/.rvm/gems/ruby-1.9.3-p125@rails3tutorial2ndEd/gems/actionpack-3.1.3/lib/action_controller/metal/implicit_render.rb:10:in `default_render'
/Users/alexischuck/.rvm/gems/ruby-1.9.3-p125@rails3tutorial2ndEd/gems/actionpack-3.1.3/lib/action_controller/metal/implicit_render.rb:5:in `send_action'
/Users/alexischuck/.rvm/gems/ruby-1.9.3-p125@rails3tutorial2ndEd/gems/actionpack-3.1.3/lib/abstract_controller/base.rb:167:in `process_action'
/Users/alexischuck/.rvm/gems/ruby-1.9.3-p125@rails3tutorial2ndEd/gems/actionpack-3.1.3/lib/action_controller/metal/rendering.rb:10:in `process_action'
/Users/alexischuck/.rvm/gems/ruby-1.9.3-p125@rails3tutorial2ndEd/gems/actionpack-3.1.3/lib/abstract_controller/callbacks.rb:18:in `block in process_action'
/Users/alexischuck/.rvm/gems/ruby-1.9.3-p125@rails3tutorial2ndEd/gems/activesupport-3.1.3/lib/active_support/callbacks.rb:416:in `_run__1082649266557562920__process_action__908178681772805__callbacks'
/Users/alexischuck/.rvm/gems/ruby-1.9.3-p125@rails3tutorial2ndEd/gems/activesupport-3.1.3/lib/active_support/callbacks.rb:386:in `_run_process_action_callbacks'
/Users/alexischuck/.rvm/gems/ruby-1.9.3-p125@rails3tutorial2ndEd/gems/activesupport-3.1.3/lib/active_support/callbacks.rb:81:in `run_callbacks'
/Users/alexischuck/.rvm/gems/ruby-1.9.3-p125@rails3tutorial2ndEd/gems/actionpack-3.1.3/lib/abstract_controller/callbacks.rb:17:in `process_action'
/Users/alexischuck/.rvm/gems/ruby-1.9.3-p125@rails3tutorial2ndEd/gems/actionpack-3.1.3/lib/action_controller/metal/rescue.rb:17:in `process_action'
/Users/alexischuck/.rvm/gems/ruby-1.9.3-p125@rails3tutorial2ndEd/gems/actionpack-3.1.3/lib/action_controller/metal/instrumentation.rb:30:in `block in process_action'
/Users/alexischuck/.rvm/gems/ruby-1.9.3-p125@rails3tutorial2ndEd/gems/activesupport-3.1.3/lib/active_support/notifications.rb:53:in `block in instrument'
/Users/alexischuck/.rvm/gems/ruby-1.9.3-p125@rails3tutorial2ndEd/gems/activesupport-3.1.3/lib/active_support/notifications/instrumenter.rb:21:in `instrument'
/Users/alexischuck/.rvm/gems/ruby-1.9.3-p125@rails3tutorial2ndEd/gems/activesupport-3.1.3/lib/active_support/notifications.rb:53:in `instrument'
/Users/alexischuck/.rvm/gems/ruby-1.9.3-p125@rails3tutorial2ndEd/gems/actionpack-3.1.3/lib/action_controller/metal/instrumentation.rb:29:in `process_action'
/Users/alexischuck/.rvm/gems/ruby-1.9.3-p125@rails3tutorial2ndEd/gems/actionpack-3.1.3/lib/action_controller/metal/params_wrapper.rb:201:in `process_action'
/Users/alexischuck/.rvm/gems/ruby-1.9.3-p125@rails3tutorial2ndEd/gems/activerecord-3.1.3/lib/active_record/railties/controller_runtime.rb:18:in `process_action'
/Users/alexischuck/.rvm/gems/ruby-1.9.3-p125@rails3tutorial2ndEd/gems/actionpack-3.1.3/lib/abstract_controller/base.rb:121:in `process'
/Users/alexischuck/.rvm/gems/ruby-1.9.3-p125@rails3tutorial2ndEd/gems/actionpack-3.1.3/lib/abstract_controller/rendering.rb:45:in `process'
/Users/alexischuck/.rvm/gems/ruby-1.9.3-p125@rails3tutorial2ndEd/gems/actionpack-3.1.3/lib/action_controller/metal.rb:193:in `dispatch'
/Users/alexischuck/.rvm/gems/ruby-1.9.3-p125@rails3tutorial2ndEd/gems/actionpack-3.1.3/lib/action_controller/metal/rack_delegation.rb:14:in `dispatch'
/Users/alexischuck/.rvm/gems/ruby-1.9.3-p125@rails3tutorial2ndEd/gems/actionpack-3.1.3/lib/action_controller/metal.rb:236:in `block in action'
/Users/alexischuck/.rvm/gems/ruby-1.9.3-p125@rails3tutorial2ndEd/gems/actionpack-3.1.3/lib/action_dispatch/routing/route_set.rb:65:in `call'
/Users/alexischuck/.rvm/gems/ruby-1.9.3-p125@rails3tutorial2ndEd/gems/actionpack-3.1.3/lib/action_dispatch/routing/route_set.rb:65:in `dispatch'
/Users/alexischuck/.rvm/gems/ruby-1.9.3-p125@rails3tutorial2ndEd/gems/actionpack-3.1.3/lib/action_dispatch/routing/route_set.rb:29:in `call'
/Users/alexischuck/.rvm/gems/ruby-1.9.3-p125@rails3tutorial2ndEd/gems/rack-mount-0.8.3/lib/rack/mount/route_set.rb:152:in `block in call'
/Users/alexischuck/.rvm/gems/ruby-1.9.3-p125@rails3tutorial2ndEd/gems/rack-mount-0.8.3/lib/rack/mount/code_generation.rb:96:in `block in recognize'
/Users/alexischuck/.rvm/gems/ruby-1.9.3-p125@rails3tutorial2ndEd/gems/rack-mount-0.8.3/lib/rack/mount/code_generation.rb:75:in `optimized_each'
/Users/alexischuck/.rvm/gems/ruby-1.9.3-p125@rails3tutorial2ndEd/gems/rack-mount-0.8.3/lib/rack/mount/code_generation.rb:95:in `recognize'
/Users/alexischuck/.rvm/gems/ruby-1.9.3-p125@rails3tutorial2ndEd/gems/rack-mount-0.8.3/lib/rack/mount/route_set.rb:141:in `call'
/Users/alexischuck/.rvm/gems/ruby-1.9.3-p125@rails3tutorial2ndEd/gems/actionpack-3.1.3/lib/action_dispatch/routing/route_set.rb:532:in `call'
/Users/alexischuck/.rvm/gems/ruby-1.9.3-p125@rails3tutorial2ndEd/gems/warden-1.1.1/lib/warden/manager.rb:35:in `block in call'
/Users/alexischuck/.rvm/gems/ruby-1.9.3-p125@rails3tutorial2ndEd/gems/warden-1.1.1/lib/warden/manager.rb:34:in `catch'
/Users/alexischuck/.rvm/gems/ruby-1.9.3-p125@rails3tutorial2ndEd/gems/warden-1.1.1/lib/warden/manager.rb:34:in `call'
/Users/alexischuck/.rvm/gems/ruby-1.9.3-p125@rails3tutorial2ndEd/gems/actionpack-3.1.3/lib/action_dispatch/middleware/best_standards_support.rb:17:in `call'
/Users/alexischuck/.rvm/gems/ruby-1.9.3-p125@rails3tutorial2ndEd/gems/rack-1.3.6/lib/rack/etag.rb:23:in `call'
/Users/alexischuck/.rvm/gems/ruby-1.9.3-p125@rails3tutorial2ndEd/gems/rack-1.3.6/lib/rack/conditionalget.rb:25:in `call'
/Users/alexischuck/.rvm/gems/ruby-1.9.3-p125@rails3tutorial2ndEd/gems/actionpack-3.1.3/lib/action_dispatch/middleware/head.rb:14:in `call'
/Users/alexischuck/.rvm/gems/ruby-1.9.3-p125@rails3tutorial2ndEd/gems/actionpack-3.1.3/lib/action_dispatch/middleware/params_parser.rb:21:in `call'
/Users/alexischuck/.rvm/gems/ruby-1.9.3-p125@rails3tutorial2ndEd/gems/actionpack-3.1.3/lib/action_dispatch/middleware/flash.rb:247:in `call'
/Users/alexischuck/.rvm/gems/ruby-1.9.3-p125@rails3tutorial2ndEd/gems/rack-1.3.6/lib/rack/session/abstract/id.rb:195:in `context'
/Users/alexischuck/.rvm/gems/ruby-1.9.3-p125@rails3tutorial2ndEd/gems/rack-1.3.6/lib/rack/session/abstract/id.rb:190:in `call'
/Users/alexischuck/.rvm/gems/ruby-1.9.3-p125@rails3tutorial2ndEd/gems/actionpack-3.1.3/lib/action_dispatch/middleware/cookies.rb:331:in `call'
/Users/alexischuck/.rvm/gems/ruby-1.9.3-p125@rails3tutorial2ndEd/gems/activerecord-3.1.3/lib/active_record/query_cache.rb:64:in `call'
/Users/alexischuck/.rvm/gems/ruby-1.9.3-p125@rails3tutorial2ndEd/gems/activerecord-3.1.3/lib/active_record/connection_adapters/abstract/connection_pool.rb:477:in `call'
/Users/alexischuck/.rvm/gems/ruby-1.9.3-p125@rails3tutorial2ndEd/gems/actionpack-3.1.3/lib/action_dispatch/middleware/callbacks.rb:29:in `block in call'
/Users/alexischuck/.rvm/gems/ruby-1.9.3-p125@rails3tutorial2ndEd/gems/activesupport-3.1.3/lib/active_support/callbacks.rb:392:in `_run_call_callbacks'
/Users/alexischuck/.rvm/gems/ruby-1.9.3-p125@rails3tutorial2ndEd/gems/activesupport-3.1.3/lib/active_support/callbacks.rb:81:in `run_callbacks'
/Users/alexischuck/.rvm/gems/ruby-1.9.3-p125@rails3tutorial2ndEd/gems/actionpack-3.1.3/lib/action_dispatch/middleware/callbacks.rb:28:in `call'
/Users/alexischuck/.rvm/gems/ruby-1.9.3-p125@rails3tutorial2ndEd/gems/actionpack-3.1.3/lib/action_dispatch/middleware/reloader.rb:68:in `call'
/Users/alexischuck/.rvm/gems/ruby-1.9.3-p125@rails3tutorial2ndEd/gems/rack-1.3.6/lib/rack/sendfile.rb:101:in `call'
/Users/alexischuck/.rvm/gems/ruby-1.9.3-p125@rails3tutorial2ndEd/gems/actionpack-3.1.3/lib/action_dispatch/middleware/remote_ip.rb:48:in `call'
/Users/alexischuck/.rvm/gems/ruby-1.9.3-p125@rails3tutorial2ndEd/gems/actionpack-3.1.3/lib/action_dispatch/middleware/show_exceptions.rb:47:in `call'
/Users/alexischuck/.rvm/gems/ruby-1.9.3-p125@rails3tutorial2ndEd/gems/railties-3.1.3/lib/rails/rack/logger.rb:13:in `call'
/Users/alexischuck/.rvm/gems/ruby-1.9.3-p125@rails3tutorial2ndEd/gems/rack-1.3.6/lib/rack/methodoverride.rb:24:in `call'
/Users/alexischuck/.rvm/gems/ruby-1.9.3-p125@rails3tutorial2ndEd/gems/rack-1.3.6/lib/rack/runtime.rb:17:in `call'
/Users/alexischuck/.rvm/gems/ruby-1.9.3-p125@rails3tutorial2ndEd/gems/activesupport-3.1.3/lib/active_support/cache/strategy/local_cache.rb:72:in `call'
/Users/alexischuck/.rvm/gems/ruby-1.9.3-p125@rails3tutorial2ndEd/gems/rack-1.3.6/lib/rack/lock.rb:15:in `call'
/Users/alexischuck/.rvm/gems/ruby-1.9.3-p125@rails3tutorial2ndEd/gems/actionpack-3.1.3/lib/action_dispatch/middleware/static.rb:53:in `call'
/Users/alexischuck/.rvm/gems/ruby-1.9.3-p125@rails3tutorial2ndEd/gems/railties-3.1.3/lib/rails/engine.rb:456:in `call'
/Users/alexischuck/.rvm/gems/ruby-1.9.3-p125@rails3tutorial2ndEd/gems/rack-1.3.6/lib/rack/content_length.rb:14:in `call'
/Users/alexischuck/.rvm/gems/ruby-1.9.3-p125@rails3tutorial2ndEd/gems/railties-3.1.3/lib/rails/rack/log_tailer.rb:14:in `call'
/Users/alexischuck/.rvm/gems/ruby-1.9.3-p125@rails3tutorial2ndEd/gems/rack-1.3.6/lib/rack/handler/webrick.rb:59:in `service'
/Users/alexischuck/.rvm/rubies/ruby-1.9.3-p125/lib/ruby/1.9.1/webrick/httpserver.rb:138:in `service'
/Users/alexischuck/.rvm/rubies/ruby-1.9.3-p125/lib/ruby/1.9.1/webrick/httpserver.rb:94:in `run'
/Users/alexischuck/.rvm/rubies/ruby-1.9.3-p125/lib/ruby/1.9.1/webrick/server.rb:191:in `block in start_thread'
Completed 500 Internal Server Error in 9ms

ActionView::Template::Error (/Users/alexischuck/Hackathon/claremonster/app/views/layouts/application.html.erb:16: unknown regexp option - a
/Users/alexischuck/Hackathon/claremonster/app/views/layouts/application.html.erb:16: syntax error, unexpected '<'
				<li><a href="#">User</a></li>
				                         ^
/Users/alexischuck/Hackathon/claremonster/app/views/layouts/application.html.erb:17: unknown regexp option - l
/Users/alexischuck/Hackathon/claremonster/app/views/layouts/application.html.erb:18: syntax error, unexpected '<'
		</div>	
		 ^
/Users/alexischuck/Hackathon/claremonster/app/views/layouts/application.html.erb:19: unknown regexp options - dv
/Users/alexischuck/Hackathon/claremonster/app/views/layouts/application.html.erb:21: syntax error, unexpected '<'
</div>
 ^
/Users/alexischuck/Hackathon/claremonster/app/views/layouts/application.html.erb:24: unknown regexp options - dv
end pattern with unmatched parenthesis: /div>
<div class="container">
	<%= yield ;@output_buffer.safe_concat('
');@output_buffer.safe_concat('</i
/Users/alexischuck/Hackathon/claremonster/app/views/layouts/application.html.erb:26: syntax error, unexpected '<'
</body>
 ^
/Users/alexischuck/Hackathon/claremonster/app/views/layouts/application.html.erb:27: unknown regexp options - htl
/Users/alexischuck/Hackathon/claremonster/app/views/layouts/application.html.erb:28: unterminated string meets end of file
/Users/alexischuck/Hackathon/claremonster/app/views/layouts/application.html.erb:28: syntax error, unexpected $end, expecting keyword_end):
    13: 		<a class="brand" href="#">Claremonster</a>
    14: 			<ul class="nav pull-right">
    15: 				<li><% link_to "About",	about_path</li>
    16: 				<li><a href="#">User</a></li>
    17: 			</ul>		
    18: 		</div>	
    19: 	</div>
  

Rendered /Users/alexischuck/.rvm/gems/ruby-1.9.3-p125@rails3tutorial2ndEd/gems/actionpack-3.1.3/lib/action_dispatch/middleware/templates/rescues/_trace.erb (1.0ms)
Rendered /Users/alexischuck/.rvm/gems/ruby-1.9.3-p125@rails3tutorial2ndEd/gems/actionpack-3.1.3/lib/action_dispatch/middleware/templates/rescues/_request_and_response.erb (0.9ms)
Rendered /Users/alexischuck/.rvm/gems/ruby-1.9.3-p125@rails3tutorial2ndEd/gems/actionpack-3.1.3/lib/action_dispatch/middleware/templates/rescues/template_error.erb within rescues/layout (3.8ms)


Started GET "/static_pages/about" for 127.0.0.1 at 2012-04-07 00:23:07 -0700
  Processing by StaticPagesController#about as HTML
Rendered static_pages/about.html.erb within layouts/application (0.1ms)
Completed 200 OK in 30ms (Views: 30.1ms | ActiveRecord: 0.0ms)


Started GET "/assets/application.css?body=1" for 127.0.0.1 at 2012-04-07 00:23:07 -0700
Served asset /application.css - 304 Not Modified (3ms)


Started GET "/assets/scaffolds.css?body=1" for 127.0.0.1 at 2012-04-07 00:23:07 -0700
Served asset /scaffolds.css - 304 Not Modified (0ms)


Started GET "/assets/static_pages.css?body=1" for 127.0.0.1 at 2012-04-07 00:23:07 -0700
Served asset /static_pages.css - 304 Not Modified (0ms)


Started GET "/assets/custom.css?body=1" for 127.0.0.1 at 2012-04-07 00:23:07 -0700
Served asset /custom.css - 304 Not Modified (1ms)


Started GET "/assets/jquery.js?body=1" for 127.0.0.1 at 2012-04-07 00:23:07 -0700
Served asset /jquery.js - 304 Not Modified (0ms)


Started GET "/assets/wishes.css?body=1" for 127.0.0.1 at 2012-04-07 00:23:07 -0700
Served asset /wishes.css - 304 Not Modified (0ms)


Started GET "/assets/jquery_ujs.js?body=1" for 127.0.0.1 at 2012-04-07 00:23:07 -0700
Served asset /jquery_ujs.js - 304 Not Modified (0ms)


Started GET "/assets/static_pages.js?body=1" for 127.0.0.1 at 2012-04-07 00:23:07 -0700
Served asset /static_pages.js - 304 Not Modified (0ms)


Started GET "/assets/wishes.js?body=1" for 127.0.0.1 at 2012-04-07 00:23:07 -0700
Served asset /wishes.js - 304 Not Modified (0ms)


Started GET "/assets/application.js?body=1" for 127.0.0.1 at 2012-04-07 00:23:07 -0700
Served asset /application.js - 304 Not Modified (0ms)


Started GET "/static_pages/about" for 127.0.0.1 at 2012-04-07 00:23:18 -0700
  Processing by StaticPagesController#about as HTML
Rendered static_pages/about.html.erb within layouts/application (0.1ms)
Completed 200 OK in 14ms (Views: 14.1ms | ActiveRecord: 0.0ms)


Started GET "/assets/application.css?body=1" for 127.0.0.1 at 2012-04-07 00:23:18 -0700
Served asset /application.css - 304 Not Modified (3ms)


Started GET "/assets/custom.css?body=1" for 127.0.0.1 at 2012-04-07 00:23:18 -0700
Served asset /custom.css - 304 Not Modified (1ms)


Started GET "/assets/scaffolds.css?body=1" for 127.0.0.1 at 2012-04-07 00:23:18 -0700
Served asset /scaffolds.css - 304 Not Modified (0ms)


Started GET "/assets/static_pages.css?body=1" for 127.0.0.1 at 2012-04-07 00:23:18 -0700
Served asset /static_pages.css - 304 Not Modified (0ms)


Started GET "/assets/jquery.js?body=1" for 127.0.0.1 at 2012-04-07 00:23:18 -0700
Served asset /jquery.js - 304 Not Modified (0ms)


Started GET "/assets/wishes.css?body=1" for 127.0.0.1 at 2012-04-07 00:23:18 -0700
Served asset /wishes.css - 304 Not Modified (0ms)


Started GET "/assets/jquery_ujs.js?body=1" for 127.0.0.1 at 2012-04-07 00:23:18 -0700
Served asset /jquery_ujs.js - 304 Not Modified (0ms)


Started GET "/assets/wishes.js?body=1" for 127.0.0.1 at 2012-04-07 00:23:18 -0700
Served asset /wishes.js - 304 Not Modified (0ms)


Started GET "/assets/static_pages.js?body=1" for 127.0.0.1 at 2012-04-07 00:23:18 -0700
Served asset /static_pages.js - 304 Not Modified (0ms)


Started GET "/assets/application.js?body=1" for 127.0.0.1 at 2012-04-07 00:23:18 -0700
Served asset /application.js - 304 Not Modified (0ms)


Started GET "/about" for 127.0.0.1 at 2012-04-07 00:23:27 -0700

AbstractController::ActionNotFound (The action 'help' could not be found for StaticPagesController):
  

Rendered /Users/alexischuck/.rvm/gems/ruby-1.9.3-p125@rails3tutorial2ndEd/gems/actionpack-3.1.3/lib/action_dispatch/middleware/templates/rescues/unknown_action.erb within rescues/layout (0.5ms)


Started GET "/about" for 127.0.0.1 at 2012-04-07 00:24:00 -0700

AbstractController::ActionNotFound (The action 'help' could not be found for StaticPagesController):
  

Rendered /Users/alexischuck/.rvm/gems/ruby-1.9.3-p125@rails3tutorial2ndEd/gems/actionpack-3.1.3/lib/action_dispatch/middleware/templates/rescues/unknown_action.erb within rescues/layout (0.4ms)


Started GET "/about" for 127.0.0.1 at 2012-04-07 00:24:01 -0700

AbstractController::ActionNotFound (The action 'help' could not be found for StaticPagesController):
  

Rendered /Users/alexischuck/.rvm/gems/ruby-1.9.3-p125@rails3tutorial2ndEd/gems/actionpack-3.1.3/lib/action_dispatch/middleware/templates/rescues/unknown_action.erb within rescues/layout (0.4ms)


Started GET "/about" for 127.0.0.1 at 2012-04-07 00:24:34 -0700
  Processing by StaticPagesController#help as HTML
Completed 500 Internal Server Error in 3ms

ActionView::MissingTemplate (Missing template static_pages/help, application/help with {:handlers=>[:erb, :builder, :coffee], :formats=>[:html], :locale=>[:en, :en]}. Searched in:
  * "/Users/alexischuck/Hackathon/claremonster/app/views"
  * "/Users/alexischuck/.rvm/gems/ruby-1.9.3-p125@rails3tutorial2ndEd/gems/devise-2.0.4/app/views"
):
  

Rendered /Users/alexischuck/.rvm/gems/ruby-1.9.3-p125@rails3tutorial2ndEd/gems/actionpack-3.1.3/lib/action_dispatch/middleware/templates/rescues/missing_template.erb within rescues/layout (0.3ms)


Started GET "/about" for 127.0.0.1 at 2012-04-07 00:24:45 -0700

AbstractController::ActionNotFound (The action 'help' could not be found for StaticPagesController):
  

Rendered /Users/alexischuck/.rvm/gems/ruby-1.9.3-p125@rails3tutorial2ndEd/gems/actionpack-3.1.3/lib/action_dispatch/middleware/templates/rescues/unknown_action.erb within rescues/layout (0.5ms)


Started GET "/assets/jquery.js?body=1" for 127.0.0.1 at 2012-04-07 00:26:00 -0700
Served asset /jquery.js - 304 Not Modified (0ms)


Started GET "/assets/custom.css?body=1" for 127.0.0.1 at 2012-04-07 00:26:00 -0700
Served asset /custom.css - 304 Not Modified (2ms)


Started GET "/about" for 127.0.0.1 at 2012-04-07 00:26:03 -0700

AbstractController::ActionNotFound (The action 'help' could not be found for StaticPagesController):
  

Rendered /Users/alexischuck/.rvm/gems/ruby-1.9.3-p125@rails3tutorial2ndEd/gems/actionpack-3.1.3/lib/action_dispatch/middleware/templates/rescues/unknown_action.erb within rescues/layout (0.6ms)


Started GET "/about" for 127.0.0.1 at 2012-04-07 00:27:52 -0700

AbstractController::ActionNotFound (The action 'help' could not be found for StaticPagesController):
  

Rendered /Users/alexischuck/.rvm/gems/ruby-1.9.3-p125@rails3tutorial2ndEd/gems/actionpack-3.1.3/lib/action_dispatch/middleware/templates/rescues/unknown_action.erb within rescues/layout (0.4ms)


Started GET "/about" for 127.0.0.1 at 2012-04-07 00:28:13 -0700

AbstractController::ActionNotFound (The action 'help' could not be found for StaticPagesController):
  

Rendered /Users/alexischuck/.rvm/gems/ruby-1.9.3-p125@rails3tutorial2ndEd/gems/actionpack-3.1.3/lib/action_dispatch/middleware/templates/rescues/unknown_action.erb within rescues/layout (0.4ms)


Started GET "/static_pages/about" for 127.0.0.1 at 2012-04-07 00:33:09 -0700
  Processing by StaticPagesController#about as HTML
Rendered static_pages/about.html.erb within layouts/application (0.1ms)
ERROR: compiling _app_views_layouts_application_html_erb___4069483201145392408_70241061087980 RAISED /Users/alexischuck/Hackathon/claremonster/app/views/layouts/application.html.erb:17: unterminated string meets end of file
/Users/alexischuck/Hackathon/claremonster/app/views/layouts/application.html.erb:17: syntax error, unexpected $end, expecting keyword_then or ';' or '\n'
Function body:           def _app_views_layouts_application_html_erb___4069483201145392408_70241061087980(local_assigns, output_buffer)
            _old_virtual_path, @virtual_path = @virtual_path, "layouts/application";_old_output_buffer = @output_buffer;;@output_buffer = output_buffer || ActionView::OutputBuffer.new;@output_buffer.safe_concat('<!DOCTYPE html>
<html lang="eng">
<head>
  <title>Claremonster | ');@output_buffer.append= ( yield(:title) );@output_buffer.safe_concat('</title>
  ');@output_buffer.append= ( stylesheet_link_tag    "application" );@output_buffer.safe_concat('
');@output_buffer.safe_concat('  ');@output_buffer.append= ( javascript_include_tag "application" );@output_buffer.safe_concat('
');@output_buffer.safe_concat('  ');@output_buffer.append= ( csrf_meta_tags );@output_buffer.safe_concat('
');@output_buffer.safe_concat('</head>
<body>
<div class="navbar">
	<div class="navbar-inner">
		<div class="container">
		<a class="brand" href="#">Claremonster</a>
			<ul class="nav pull-right">
				<li>');@output_buffer.append= ( link_to "About",	about_path );@output_buffer.safe_concat('</li>
				<li><a href="#">
');					 if user_signed_in? %?
						<% current_user 			
					 end 
@output_buffer.safe_concat('									
				</a></a></li>
			</ul>		
		</div>	
	</div>
	
</div>
<div class="container">
	');@output_buffer.append= ( yield );@output_buffer.safe_concat('
');@output_buffer.safe_concat('</div>

</body>
</html>
');@output_buffer.to_s
          ensure
            @virtual_path, @output_buffer = _old_virtual_path, _old_output_buffer
          end
Backtrace: /Users/alexischuck/.rvm/gems/ruby-1.9.3-p125@rails3tutorial2ndEd/gems/actionpack-3.1.3/lib/action_view/template.rb:309:in `module_eval'
/Users/alexischuck/.rvm/gems/ruby-1.9.3-p125@rails3tutorial2ndEd/gems/actionpack-3.1.3/lib/action_view/template.rb:309:in `compile'
/Users/alexischuck/.rvm/gems/ruby-1.9.3-p125@rails3tutorial2ndEd/gems/actionpack-3.1.3/lib/action_view/template.rb:217:in `compile!'
/Users/alexischuck/.rvm/gems/ruby-1.9.3-p125@rails3tutorial2ndEd/gems/actionpack-3.1.3/lib/action_view/template.rb:170:in `block in render'
/Users/alexischuck/.rvm/gems/ruby-1.9.3-p125@rails3tutorial2ndEd/gems/activesupport-3.1.3/lib/active_support/notifications.rb:55:in `instrument'
/Users/alexischuck/.rvm/gems/ruby-1.9.3-p125@rails3tutorial2ndEd/gems/actionpack-3.1.3/lib/action_view/template.rb:169:in `render'
/Users/alexischuck/.rvm/gems/ruby-1.9.3-p125@rails3tutorial2ndEd/gems/actionpack-3.1.3/lib/action_view/renderer/template_renderer.rb:52:in `render_with_layout'
/Users/alexischuck/.rvm/gems/ruby-1.9.3-p125@rails3tutorial2ndEd/gems/actionpack-3.1.3/lib/action_view/renderer/template_renderer.rb:38:in `render_template'
/Users/alexischuck/.rvm/gems/ruby-1.9.3-p125@rails3tutorial2ndEd/gems/actionpack-3.1.3/lib/action_view/renderer/template_renderer.rb:12:in `block in render'
/Users/alexischuck/.rvm/gems/ruby-1.9.3-p125@rails3tutorial2ndEd/gems/actionpack-3.1.3/lib/action_view/renderer/abstract_renderer.rb:22:in `wrap_formats'
/Users/alexischuck/.rvm/gems/ruby-1.9.3-p125@rails3tutorial2ndEd/gems/actionpack-3.1.3/lib/action_view/renderer/template_renderer.rb:9:in `render'
/Users/alexischuck/.rvm/gems/ruby-1.9.3-p125@rails3tutorial2ndEd/gems/actionpack-3.1.3/lib/action_view/renderer/renderer.rb:36:in `render_template'
/Users/alexischuck/.rvm/gems/ruby-1.9.3-p125@rails3tutorial2ndEd/gems/actionpack-3.1.3/lib/action_view/renderer/renderer.rb:17:in `render'
/Users/alexischuck/.rvm/gems/ruby-1.9.3-p125@rails3tutorial2ndEd/gems/actionpack-3.1.3/lib/abstract_controller/rendering.rb:120:in `_render_template'
/Users/alexischuck/.rvm/gems/ruby-1.9.3-p125@rails3tutorial2ndEd/gems/actionpack-3.1.3/lib/action_controller/metal/streaming.rb:250:in `_render_template'
/Users/alexischuck/.rvm/gems/ruby-1.9.3-p125@rails3tutorial2ndEd/gems/actionpack-3.1.3/lib/abstract_controller/rendering.rb:114:in `render_to_body'
/Users/alexischuck/.rvm/gems/ruby-1.9.3-p125@rails3tutorial2ndEd/gems/actionpack-3.1.3/lib/action_controller/metal/renderers.rb:30:in `render_to_body'
/Users/alexischuck/.rvm/gems/ruby-1.9.3-p125@rails3tutorial2ndEd/gems/actionpack-3.1.3/lib/action_controller/metal/compatibility.rb:43:in `render_to_body'
/Users/alexischuck/.rvm/gems/ruby-1.9.3-p125@rails3tutorial2ndEd/gems/actionpack-3.1.3/lib/abstract_controller/rendering.rb:99:in `render'
/Users/alexischuck/.rvm/gems/ruby-1.9.3-p125@rails3tutorial2ndEd/gems/actionpack-3.1.3/lib/action_controller/metal/rendering.rb:16:in `render'
/Users/alexischuck/.rvm/gems/ruby-1.9.3-p125@rails3tutorial2ndEd/gems/actionpack-3.1.3/lib/action_controller/metal/instrumentation.rb:40:in `block (2 levels) in render'
/Users/alexischuck/.rvm/gems/ruby-1.9.3-p125@rails3tutorial2ndEd/gems/activesupport-3.1.3/lib/active_support/core_ext/benchmark.rb:5:in `block in ms'
/Users/alexischuck/.rvm/rubies/ruby-1.9.3-p125/lib/ruby/1.9.1/benchmark.rb:295:in `realtime'
/Users/alexischuck/.rvm/gems/ruby-1.9.3-p125@rails3tutorial2ndEd/gems/activesupport-3.1.3/lib/active_support/core_ext/benchmark.rb:5:in `ms'
/Users/alexischuck/.rvm/gems/ruby-1.9.3-p125@rails3tutorial2ndEd/gems/actionpack-3.1.3/lib/action_controller/metal/instrumentation.rb:40:in `block in render'
/Users/alexischuck/.rvm/gems/ruby-1.9.3-p125@rails3tutorial2ndEd/gems/actionpack-3.1.3/lib/action_controller/metal/instrumentation.rb:78:in `cleanup_view_runtime'
/Users/alexischuck/.rvm/gems/ruby-1.9.3-p125@rails3tutorial2ndEd/gems/activerecord-3.1.3/lib/active_record/railties/controller_runtime.rb:24:in `cleanup_view_runtime'
/Users/alexischuck/.rvm/gems/ruby-1.9.3-p125@rails3tutorial2ndEd/gems/actionpack-3.1.3/lib/action_controller/metal/instrumentation.rb:39:in `render'
/Users/alexischuck/.rvm/gems/ruby-1.9.3-p125@rails3tutorial2ndEd/gems/actionpack-3.1.3/lib/action_controller/metal/implicit_render.rb:10:in `default_render'
/Users/alexischuck/.rvm/gems/ruby-1.9.3-p125@rails3tutorial2ndEd/gems/actionpack-3.1.3/lib/action_controller/metal/implicit_render.rb:5:in `send_action'
/Users/alexischuck/.rvm/gems/ruby-1.9.3-p125@rails3tutorial2ndEd/gems/actionpack-3.1.3/lib/abstract_controller/base.rb:167:in `process_action'
/Users/alexischuck/.rvm/gems/ruby-1.9.3-p125@rails3tutorial2ndEd/gems/actionpack-3.1.3/lib/action_controller/metal/rendering.rb:10:in `process_action'
/Users/alexischuck/.rvm/gems/ruby-1.9.3-p125@rails3tutorial2ndEd/gems/actionpack-3.1.3/lib/abstract_controller/callbacks.rb:18:in `block in process_action'
/Users/alexischuck/.rvm/gems/ruby-1.9.3-p125@rails3tutorial2ndEd/gems/activesupport-3.1.3/lib/active_support/callbacks.rb:416:in `_run__1082649266557562920__process_action__908178681772805__callbacks'
/Users/alexischuck/.rvm/gems/ruby-1.9.3-p125@rails3tutorial2ndEd/gems/activesupport-3.1.3/lib/active_support/callbacks.rb:386:in `_run_process_action_callbacks'
/Users/alexischuck/.rvm/gems/ruby-1.9.3-p125@rails3tutorial2ndEd/gems/activesupport-3.1.3/lib/active_support/callbacks.rb:81:in `run_callbacks'
/Users/alexischuck/.rvm/gems/ruby-1.9.3-p125@rails3tutorial2ndEd/gems/actionpack-3.1.3/lib/abstract_controller/callbacks.rb:17:in `process_action'
/Users/alexischuck/.rvm/gems/ruby-1.9.3-p125@rails3tutorial2ndEd/gems/actionpack-3.1.3/lib/action_controller/metal/rescue.rb:17:in `process_action'
/Users/alexischuck/.rvm/gems/ruby-1.9.3-p125@rails3tutorial2ndEd/gems/actionpack-3.1.3/lib/action_controller/metal/instrumentation.rb:30:in `block in process_action'
/Users/alexischuck/.rvm/gems/ruby-1.9.3-p125@rails3tutorial2ndEd/gems/activesupport-3.1.3/lib/active_support/notifications.rb:53:in `block in instrument'
/Users/alexischuck/.rvm/gems/ruby-1.9.3-p125@rails3tutorial2ndEd/gems/activesupport-3.1.3/lib/active_support/notifications/instrumenter.rb:21:in `instrument'
/Users/alexischuck/.rvm/gems/ruby-1.9.3-p125@rails3tutorial2ndEd/gems/activesupport-3.1.3/lib/active_support/notifications.rb:53:in `instrument'
/Users/alexischuck/.rvm/gems/ruby-1.9.3-p125@rails3tutorial2ndEd/gems/actionpack-3.1.3/lib/action_controller/metal/instrumentation.rb:29:in `process_action'
/Users/alexischuck/.rvm/gems/ruby-1.9.3-p125@rails3tutorial2ndEd/gems/actionpack-3.1.3/lib/action_controller/metal/params_wrapper.rb:201:in `process_action'
/Users/alexischuck/.rvm/gems/ruby-1.9.3-p125@rails3tutorial2ndEd/gems/activerecord-3.1.3/lib/active_record/railties/controller_runtime.rb:18:in `process_action'
/Users/alexischuck/.rvm/gems/ruby-1.9.3-p125@rails3tutorial2ndEd/gems/actionpack-3.1.3/lib/abstract_controller/base.rb:121:in `process'
/Users/alexischuck/.rvm/gems/ruby-1.9.3-p125@rails3tutorial2ndEd/gems/actionpack-3.1.3/lib/abstract_controller/rendering.rb:45:in `process'
/Users/alexischuck/.rvm/gems/ruby-1.9.3-p125@rails3tutorial2ndEd/gems/actionpack-3.1.3/lib/action_controller/metal.rb:193:in `dispatch'
/Users/alexischuck/.rvm/gems/ruby-1.9.3-p125@rails3tutorial2ndEd/gems/actionpack-3.1.3/lib/action_controller/metal/rack_delegation.rb:14:in `dispatch'
/Users/alexischuck/.rvm/gems/ruby-1.9.3-p125@rails3tutorial2ndEd/gems/actionpack-3.1.3/lib/action_controller/metal.rb:236:in `block in action'
/Users/alexischuck/.rvm/gems/ruby-1.9.3-p125@rails3tutorial2ndEd/gems/actionpack-3.1.3/lib/action_dispatch/routing/route_set.rb:65:in `call'
/Users/alexischuck/.rvm/gems/ruby-1.9.3-p125@rails3tutorial2ndEd/gems/actionpack-3.1.3/lib/action_dispatch/routing/route_set.rb:65:in `dispatch'
/Users/alexischuck/.rvm/gems/ruby-1.9.3-p125@rails3tutorial2ndEd/gems/actionpack-3.1.3/lib/action_dispatch/routing/route_set.rb:29:in `call'
/Users/alexischuck/.rvm/gems/ruby-1.9.3-p125@rails3tutorial2ndEd/gems/rack-mount-0.8.3/lib/rack/mount/route_set.rb:152:in `block in call'
/Users/alexischuck/.rvm/gems/ruby-1.9.3-p125@rails3tutorial2ndEd/gems/rack-mount-0.8.3/lib/rack/mount/code_generation.rb:96:in `block in recognize'
/Users/alexischuck/.rvm/gems/ruby-1.9.3-p125@rails3tutorial2ndEd/gems/rack-mount-0.8.3/lib/rack/mount/code_generation.rb:75:in `optimized_each'
/Users/alexischuck/.rvm/gems/ruby-1.9.3-p125@rails3tutorial2ndEd/gems/rack-mount-0.8.3/lib/rack/mount/code_generation.rb:95:in `recognize'
/Users/alexischuck/.rvm/gems/ruby-1.9.3-p125@rails3tutorial2ndEd/gems/rack-mount-0.8.3/lib/rack/mount/route_set.rb:141:in `call'
/Users/alexischuck/.rvm/gems/ruby-1.9.3-p125@rails3tutorial2ndEd/gems/actionpack-3.1.3/lib/action_dispatch/routing/route_set.rb:532:in `call'
/Users/alexischuck/.rvm/gems/ruby-1.9.3-p125@rails3tutorial2ndEd/gems/warden-1.1.1/lib/warden/manager.rb:35:in `block in call'
/Users/alexischuck/.rvm/gems/ruby-1.9.3-p125@rails3tutorial2ndEd/gems/warden-1.1.1/lib/warden/manager.rb:34:in `catch'
/Users/alexischuck/.rvm/gems/ruby-1.9.3-p125@rails3tutorial2ndEd/gems/warden-1.1.1/lib/warden/manager.rb:34:in `call'
/Users/alexischuck/.rvm/gems/ruby-1.9.3-p125@rails3tutorial2ndEd/gems/actionpack-3.1.3/lib/action_dispatch/middleware/best_standards_support.rb:17:in `call'
/Users/alexischuck/.rvm/gems/ruby-1.9.3-p125@rails3tutorial2ndEd/gems/rack-1.3.6/lib/rack/etag.rb:23:in `call'
/Users/alexischuck/.rvm/gems/ruby-1.9.3-p125@rails3tutorial2ndEd/gems/rack-1.3.6/lib/rack/conditionalget.rb:25:in `call'
/Users/alexischuck/.rvm/gems/ruby-1.9.3-p125@rails3tutorial2ndEd/gems/actionpack-3.1.3/lib/action_dispatch/middleware/head.rb:14:in `call'
/Users/alexischuck/.rvm/gems/ruby-1.9.3-p125@rails3tutorial2ndEd/gems/actionpack-3.1.3/lib/action_dispatch/middleware/params_parser.rb:21:in `call'
/Users/alexischuck/.rvm/gems/ruby-1.9.3-p125@rails3tutorial2ndEd/gems/actionpack-3.1.3/lib/action_dispatch/middleware/flash.rb:247:in `call'
/Users/alexischuck/.rvm/gems/ruby-1.9.3-p125@rails3tutorial2ndEd/gems/rack-1.3.6/lib/rack/session/abstract/id.rb:195:in `context'
/Users/alexischuck/.rvm/gems/ruby-1.9.3-p125@rails3tutorial2ndEd/gems/rack-1.3.6/lib/rack/session/abstract/id.rb:190:in `call'
/Users/alexischuck/.rvm/gems/ruby-1.9.3-p125@rails3tutorial2ndEd/gems/actionpack-3.1.3/lib/action_dispatch/middleware/cookies.rb:331:in `call'
/Users/alexischuck/.rvm/gems/ruby-1.9.3-p125@rails3tutorial2ndEd/gems/activerecord-3.1.3/lib/active_record/query_cache.rb:64:in `call'
/Users/alexischuck/.rvm/gems/ruby-1.9.3-p125@rails3tutorial2ndEd/gems/activerecord-3.1.3/lib/active_record/connection_adapters/abstract/connection_pool.rb:477:in `call'
/Users/alexischuck/.rvm/gems/ruby-1.9.3-p125@rails3tutorial2ndEd/gems/actionpack-3.1.3/lib/action_dispatch/middleware/callbacks.rb:29:in `block in call'
/Users/alexischuck/.rvm/gems/ruby-1.9.3-p125@rails3tutorial2ndEd/gems/activesupport-3.1.3/lib/active_support/callbacks.rb:392:in `_run_call_callbacks'
/Users/alexischuck/.rvm/gems/ruby-1.9.3-p125@rails3tutorial2ndEd/gems/activesupport-3.1.3/lib/active_support/callbacks.rb:81:in `run_callbacks'
/Users/alexischuck/.rvm/gems/ruby-1.9.3-p125@rails3tutorial2ndEd/gems/actionpack-3.1.3/lib/action_dispatch/middleware/callbacks.rb:28:in `call'
/Users/alexischuck/.rvm/gems/ruby-1.9.3-p125@rails3tutorial2ndEd/gems/actionpack-3.1.3/lib/action_dispatch/middleware/reloader.rb:68:in `call'
/Users/alexischuck/.rvm/gems/ruby-1.9.3-p125@rails3tutorial2ndEd/gems/rack-1.3.6/lib/rack/sendfile.rb:101:in `call'
/Users/alexischuck/.rvm/gems/ruby-1.9.3-p125@rails3tutorial2ndEd/gems/actionpack-3.1.3/lib/action_dispatch/middleware/remote_ip.rb:48:in `call'
/Users/alexischuck/.rvm/gems/ruby-1.9.3-p125@rails3tutorial2ndEd/gems/actionpack-3.1.3/lib/action_dispatch/middleware/show_exceptions.rb:47:in `call'
/Users/alexischuck/.rvm/gems/ruby-1.9.3-p125@rails3tutorial2ndEd/gems/railties-3.1.3/lib/rails/rack/logger.rb:13:in `call'
/Users/alexischuck/.rvm/gems/ruby-1.9.3-p125@rails3tutorial2ndEd/gems/rack-1.3.6/lib/rack/methodoverride.rb:24:in `call'
/Users/alexischuck/.rvm/gems/ruby-1.9.3-p125@rails3tutorial2ndEd/gems/rack-1.3.6/lib/rack/runtime.rb:17:in `call'
/Users/alexischuck/.rvm/gems/ruby-1.9.3-p125@rails3tutorial2ndEd/gems/activesupport-3.1.3/lib/active_support/cache/strategy/local_cache.rb:72:in `call'
/Users/alexischuck/.rvm/gems/ruby-1.9.3-p125@rails3tutorial2ndEd/gems/rack-1.3.6/lib/rack/lock.rb:15:in `call'
/Users/alexischuck/.rvm/gems/ruby-1.9.3-p125@rails3tutorial2ndEd/gems/actionpack-3.1.3/lib/action_dispatch/middleware/static.rb:53:in `call'
/Users/alexischuck/.rvm/gems/ruby-1.9.3-p125@rails3tutorial2ndEd/gems/railties-3.1.3/lib/rails/engine.rb:456:in `call'
/Users/alexischuck/.rvm/gems/ruby-1.9.3-p125@rails3tutorial2ndEd/gems/rack-1.3.6/lib/rack/content_length.rb:14:in `call'
/Users/alexischuck/.rvm/gems/ruby-1.9.3-p125@rails3tutorial2ndEd/gems/railties-3.1.3/lib/rails/rack/log_tailer.rb:14:in `call'
/Users/alexischuck/.rvm/gems/ruby-1.9.3-p125@rails3tutorial2ndEd/gems/rack-1.3.6/lib/rack/handler/webrick.rb:59:in `service'
/Users/alexischuck/.rvm/rubies/ruby-1.9.3-p125/lib/ruby/1.9.1/webrick/httpserver.rb:138:in `service'
/Users/alexischuck/.rvm/rubies/ruby-1.9.3-p125/lib/ruby/1.9.1/webrick/httpserver.rb:94:in `run'
/Users/alexischuck/.rvm/rubies/ruby-1.9.3-p125/lib/ruby/1.9.1/webrick/server.rb:191:in `block in start_thread'
Completed 500 Internal Server Error in 4ms

ActionView::Template::Error (/Users/alexischuck/Hackathon/claremonster/app/views/layouts/application.html.erb:17: unterminated string meets end of file
/Users/alexischuck/Hackathon/claremonster/app/views/layouts/application.html.erb:17: syntax error, unexpected $end, expecting keyword_then or ';' or '\n'):
    14: 			<ul class="nav pull-right">
    15: 				<li><%= link_to "About",	about_path %></li>
    16: 				<li><a href="#">
    17: 					<% if user_signed_in? %?
    18: 						<% current_user %>			
    19: 					<% end %>
    20: 									
  

Rendered /Users/alexischuck/.rvm/gems/ruby-1.9.3-p125@rails3tutorial2ndEd/gems/actionpack-3.1.3/lib/action_dispatch/middleware/templates/rescues/_trace.erb (1.2ms)
Rendered /Users/alexischuck/.rvm/gems/ruby-1.9.3-p125@rails3tutorial2ndEd/gems/actionpack-3.1.3/lib/action_dispatch/middleware/templates/rescues/_request_and_response.erb (0.8ms)
Rendered /Users/alexischuck/.rvm/gems/ruby-1.9.3-p125@rails3tutorial2ndEd/gems/actionpack-3.1.3/lib/action_dispatch/middleware/templates/rescues/template_error.erb within rescues/layout (4.4ms)


Started GET "/static_pages/about" for 127.0.0.1 at 2012-04-07 00:33:27 -0700
  Processing by StaticPagesController#about as HTML
Rendered static_pages/about.html.erb within layouts/application (0.1ms)
Completed 500 Internal Server Error in 80ms

ActionView::Template::Error (undefined method `user_signed_in?' for #<#<Class:0x007fc48ab3dca0>:0x007fc48ab48dd0>):
    14: 			<ul class="nav pull-right">
    15: 				<li><%= link_to "About",	about_path %></li>
    16: 				<li><a href="#">
    17: 					<% if user_signed_in? %>
    18: 						<% current_user %>			
    19: 					<% end %>
    20: 									
  app/views/layouts/application.html.erb:17:in `_app_views_layouts_application_html_erb___4069483201145392408_70241058681800'

Rendered /Users/alexischuck/.rvm/gems/ruby-1.9.3-p125@rails3tutorial2ndEd/gems/actionpack-3.1.3/lib/action_dispatch/middleware/templates/rescues/_trace.erb (1.1ms)
Rendered /Users/alexischuck/.rvm/gems/ruby-1.9.3-p125@rails3tutorial2ndEd/gems/actionpack-3.1.3/lib/action_dispatch/middleware/templates/rescues/_request_and_response.erb (0.8ms)
Rendered /Users/alexischuck/.rvm/gems/ruby-1.9.3-p125@rails3tutorial2ndEd/gems/actionpack-3.1.3/lib/action_dispatch/middleware/templates/rescues/template_error.erb within rescues/layout (3.8ms)
